Using pre-set license
Built from '2021.1/staging' branch; Version is '2021.1.22f1 (a137e5fb0427) revision 10565605'; Using compiler version '192528614'; Build Type 'Release'
OS: 'Windows 10 Home; OS build 19042.1237; Version 2009; 64bit' Language: 'ko' Physical Memory: 16281 MB
BatchMode: 1, IsHumanControllingUs: 0, StartBugReporterOnCrash: 0, Is64bit: 1, IsPro: 0

COMMAND LINE ARGUMENTS:
C:\Program Files\2021.1.22f1\Editor\Unity.exe
-adb2
-batchMode
-noUpm
-name
AssetImportWorker0
-projectPath
D:/Unity_TeamProject/TeamProject_0902
-logFile
Logs/AssetImportWorker0.log
-srvPort
1330
Successfully changed project path to: D:/Unity_TeamProject/TeamProject_0902
D:/Unity_TeamProject/TeamProject_0902
Using Asset Import Pipeline V2.
Refreshing native plugins compatible for Editor in 125.88 ms, found 3 plugins.
Preloading 0 native plugins for Editor in 0.00 ms.
Initialize engine version: 2021.1.22f1 (a137e5fb0427)
[Subsystems] Discovering subsystems at path C:/Program Files/2021.1.22f1/Editor/Data/Resources/UnitySubsystems
[Subsystems] Discovering subsystems at path D:/Unity_TeamProject/TeamProject_0902/Assets
GfxDevice: creating device client; threaded=0; jobified=0
Direct3D:
    Version:  Direct3D 11.0 [level 11.1]
    Renderer: NVIDIA GeForce GTX 1060 3GB (ID=0x1c02)
    Vendor:   NVIDIA
    VRAM:     2988 MB
    Driver:   27.21.14.5671
Initialize mono
Mono path[0] = 'C:/Program Files/2021.1.22f1/Editor/Data/Managed'
Mono path[1] = 'C:/Program Files/2021.1.22f1/Editor/Data/MonoBleedingEdge/lib/mono/unityjit'
Mono config path = 'C:/Program Files/2021.1.22f1/Editor/Data/MonoBleedingEdge/etc'
Using monoOptions --debugger-agent=transport=dt_socket,embedding=1,server=y,suspend=n,address=127.0.0.1:56040
Begin MonoManager ReloadAssembly
Registering precompiled unity dll's ...
Register platform support module: C:/Program Files/2021.1.22f1/Editor/Data/PlaybackEngines/WindowsStandaloneSupport/UnityEditor.WindowsStandalone.Extensions.dll
Registered in 0.001132 seconds.
Native extension for WindowsStandalone target not found
Refreshing native plugins compatible for Editor in 126.36 ms, found 3 plugins.
Preloading 0 native plugins for Editor in 0.00 ms.
Mono: successfully reloaded assembly
- Completed reload, in  0.847 seconds
Domain Reload Profiling:
	ReloadAssembly (847ms)
		BeginReloadAssembly (42ms)
			ExecutionOrderSort (0ms)
			DisableScriptedObjects (0ms)
			BackupInstance (0ms)
			ReleaseScriptingObjects (0ms)
			CreateAndSetChildDomain (1ms)
		EndReloadAssembly (389ms)
			LoadAssemblies (40ms)
			RebuildTransferFunctionScriptingTraits (0ms)
			SetupTypeCache (104ms)
			ReleaseScriptCaches (0ms)
			RebuildScriptCaches (26ms)
			SetupLoadedEditorAssemblies (220ms)
				LogAssemblyErrors (0ms)
				InitializePlatformSupportModulesInManaged (4ms)
				SetLoadedEditorAssemblies (0ms)
				RefreshPlugins (126ms)
				BeforeProcessingInitializeOnLoad (1ms)
				ProcessInitializeOnLoadAttributes (67ms)
				ProcessInitializeOnLoadMethodAttributes (21ms)
				AfterProcessingInitializeOnLoad (0ms)
				EditorAssembliesLoaded (0ms)
			ExecutionOrderSort2 (0ms)
			AwakeInstancesAfterBackupRestoration (0ms)
Platform modules already initialized, skipping
Registering precompiled user dll's ...
Registered in 0.004152 seconds.
Begin MonoManager ReloadAssembly
Symbol file LoadedFromMemory doesn't match image D:\Unity_TeamProject\TeamProject_0902\Library\PackageCache\com.unity.visualscripting@1.6.1\Editor\VisualScripting.Core\Dependencies\DotNetZip\Unity.VisualScripting.IonicZip.dll
Symbol file LoadedFromMemory doesn't match image D:\Unity_TeamProject\TeamProject_0902\Library\PackageCache\com.unity.visualscripting@1.6.1\Editor\VisualScripting.Core\Dependencies\YamlDotNet\Unity.VisualScripting.YamlDotNet.dll
Native extension for WindowsStandalone target not found
Refreshing native plugins compatible for Editor in 1.55 ms, found 3 plugins.
Preloading 0 native plugins for Editor in 0.00 ms.
Mono: successfully reloaded assembly
- Completed reload, in  1.193 seconds
Domain Reload Profiling:
	ReloadAssembly (1194ms)
		BeginReloadAssembly (101ms)
			ExecutionOrderSort (0ms)
			DisableScriptedObjects (3ms)
			BackupInstance (0ms)
			ReleaseScriptingObjects (0ms)
			CreateAndSetChildDomain (14ms)
		EndReloadAssembly (1053ms)
			LoadAssemblies (71ms)
			RebuildTransferFunctionScriptingTraits (0ms)
			SetupTypeCache (251ms)
			ReleaseScriptCaches (0ms)
			RebuildScriptCaches (46ms)
			SetupLoadedEditorAssemblies (628ms)
				LogAssemblyErrors (0ms)
				InitializePlatformSupportModulesInManaged (3ms)
				SetLoadedEditorAssemblies (0ms)
				RefreshPlugins (2ms)
				BeforeProcessingInitializeOnLoad (64ms)
				ProcessInitializeOnLoadAttributes (517ms)
				ProcessInitializeOnLoadMethodAttributes (38ms)
				AfterProcessingInitializeOnLoad (4ms)
				EditorAssembliesLoaded (0ms)
			ExecutionOrderSort2 (0ms)
			AwakeInstancesAfterBackupRestoration (4ms)
Platform modules already initialized, skipping
========================================================================
Worker process is ready to serve import requests
Launched and connected shader compiler UnityShaderCompiler.exe after 0.04 seconds
Refreshing native plugins compatible for Editor in 1.30 ms, found 3 plugins.
Preloading 0 native plugins for Editor in 0.00 ms.
Unloading 4555 Unused Serialized files (Serialized files now loaded: 0)
System memory in use before: 350.2 MB.
System memory in use after: 350.5 MB.

Unloading 70 unused Assets to reduce memory usage. Loaded Objects now: 5002.
Total: 4.712200 ms (FindLiveObjects: 0.238700 ms CreateObjectMapping: 0.122900 ms MarkObjects: 4.307700 ms  DeleteObjects: 0.041500 ms)

AssetImportParameters requested are different than current active one (requested -> active):
  custom:framework-win-MediaFoundation: 216162199b28c13a410421893ffa2e32 -> 
  custom:video-decoder-ogg-theora: a1e56fd34408186e4bbccfd4996cb3dc -> 
  custom:container-muxer-webm: aa71ff27fc2769a1b78a27578f13a17b -> 
  custom:container-demuxer-webm: 4f35f7cbe854078d1ac9338744f61a02 -> 
  custom:container-demuxer-ogg: 62fdf1f143b41e24485cea50d1cbac27 -> 
  custom:video-encoder-webm-vp8: eb34c28f22e8b96e1ab97ce403110664 -> 
  custom:video-decoder-webm-vp8: 9c59270c3fd7afecdb556c50c9e8de78 -> 
  custom:audio-decoder-ogg-vorbis: bf7c407c2cedff20999df2af8eb42d56 -> 
  custom:audio-encoder-webm-vorbis: bf7c407c2cedff20999df2af8eb42d56 -> 
========================================================================
Received Import Request.
  path: Assets/Scenes/MapScene.unity
  artifactKey: Guid(89b9ab1d6733f2d418bd55de43eb0807) Importer(815301076,1909f56bfc062723c751e8b465ee728b)
Start importing Assets/Scenes/MapScene.unity using Guid(89b9ab1d6733f2d418bd55de43eb0807) Importer(815301076,1909f56bfc062723c751e8b465ee728b)  -> (artifact id: '6a382d8015a15d51b41f683d77842b55') in 0.015421 seconds 
========================================================================
Received Import Request.
  Time since last request: 214.837865 seconds.
  path: Assets/Prefabs/UI/Main Camera.prefab
  artifactKey: Guid(13860e2f5608f8846a29cb39efa2156a) Importer(815301076,1909f56bfc062723c751e8b465ee728b)
Start importing Assets/Prefabs/UI/Main Camera.prefab using Guid(13860e2f5608f8846a29cb39efa2156a) Importer(815301076,1909f56bfc062723c751e8b465ee728b)  -> (artifact id: '29f0be213168bb8449518b15d0fe5d17') in 0.073200 seconds 
========================================================================
Received Import Request.
  Time since last request: 129.362311 seconds.
  path: Assets/SpecialSkillsEffectsPack/AllEffects/EffectsSet_2(ScriptBased)/Effects/Effect_04_FlamePrison/Effect_04_Parts/Effect_04_FlamePrisonPart.prefab
  artifactKey: Guid(31bc4f74143d93c4f959dfc5d482a127) Importer(815301076,1909f56bfc062723c751e8b465ee728b)
Start importing Assets/SpecialSkillsEffectsPack/AllEffects/EffectsSet_2(ScriptBased)/Effects/Effect_04_FlamePrison/Effect_04_Parts/Effect_04_FlamePrisonPart.prefab using Guid(31bc4f74143d93c4f959dfc5d482a127) Importer(815301076,1909f56bfc062723c751e8b465ee728b)  -> (artifact id: '77441c26783bb2071f692bb64e846985') in 0.071526 seconds 
========================================================================
Received Import Request.
  Time since last request: 3.846935 seconds.
  path: Assets/SpecialSkillsEffectsPack/AllEffects/EffectsSet_2(ScriptBased)/Effects/Effect_04_FlamePrison/Effect_04_FlamePrison.prefab
  artifactKey: Guid(b3b2acb161066544dbe43bcf4a3affaa) Importer(815301076,1909f56bfc062723c751e8b465ee728b)
Start importing Assets/SpecialSkillsEffectsPack/AllEffects/EffectsSet_2(ScriptBased)/Effects/Effect_04_FlamePrison/Effect_04_FlamePrison.prefab using Guid(b3b2acb161066544dbe43bcf4a3affaa) Importer(815301076,1909f56bfc062723c751e8b465ee728b)  -> (artifact id: '429d9ba3db5a60728402867c89961569') in 0.017186 seconds 
========================================================================
Received Import Request.
  Time since last request: 2.129666 seconds.
  path: Assets/SpecialSkillsEffectsPack/AllEffects/EffectsSet_2(ScriptBased)/Effects/Effect_08_FlameEruption/Effect_08_FlameEruption.prefab
  artifactKey: Guid(2a0f7fb09e2a84148a59d5eec78e5b01) Importer(815301076,1909f56bfc062723c751e8b465ee728b)
Start importing Assets/SpecialSkillsEffectsPack/AllEffects/EffectsSet_2(ScriptBased)/Effects/Effect_08_FlameEruption/Effect_08_FlameEruption.prefab using Guid(2a0f7fb09e2a84148a59d5eec78e5b01) Importer(815301076,1909f56bfc062723c751e8b465ee728b)  -> (artifact id: '907612baded9f155dfd7ec3dce9750e7') in 0.048512 seconds 
========================================================================
Received Import Request.
  Time since last request: 1.022778 seconds.
  path: Assets/SpecialSkillsEffectsPack/AllEffects/EffectsSet_2(ScriptBased)/Effects/Effect_09_GloryShield/Effect_09_Parts/Effect_09_FlameShield.prefab
  artifactKey: Guid(761ce3f370c6bdd4491bb2246cf28e18) Importer(815301076,1909f56bfc062723c751e8b465ee728b)
Start importing Assets/SpecialSkillsEffectsPack/AllEffects/EffectsSet_2(ScriptBased)/Effects/Effect_09_GloryShield/Effect_09_Parts/Effect_09_FlameShield.prefab using Guid(761ce3f370c6bdd4491bb2246cf28e18) Importer(815301076,1909f56bfc062723c751e8b465ee728b)  -> (artifact id: '089ccf916af759161ff923559ec00c2a') in 0.038557 seconds 
========================================================================
Received Import Request.
  Time since last request: 1.231488 seconds.
  path: Assets/SpecialSkillsEffectsPack/AllEffects/EffectsSet_2(ScriptBased)/Effects/Effect_11_IntangibleSlash/Effect_11_FlameButterfly.prefab
  artifactKey: Guid(66c21d72a7c581f40828fd8612103bbd) Importer(815301076,1909f56bfc062723c751e8b465ee728b)
Start importing Assets/SpecialSkillsEffectsPack/AllEffects/EffectsSet_2(ScriptBased)/Effects/Effect_11_IntangibleSlash/Effect_11_FlameButterfly.prefab using Guid(66c21d72a7c581f40828fd8612103bbd) Importer(815301076,1909f56bfc062723c751e8b465ee728b)  -> (artifact id: '8a6acb7f9050b50d18c66942f03d182f') in 0.034274 seconds 
========================================================================
Received Import Request.
  Time since last request: 0.962570 seconds.
  path: Assets/SpecialSkillsEffectsPack/AllEffects/EffectsSet_2(ScriptBased)/Effects/Effect_17_RainofArrow/Effect_17_FlameArrowDrop.prefab
  artifactKey: Guid(d6b032694995837489fd8c07a93c9fdd) Importer(815301076,1909f56bfc062723c751e8b465ee728b)
Start importing Assets/SpecialSkillsEffectsPack/AllEffects/EffectsSet_2(ScriptBased)/Effects/Effect_17_RainofArrow/Effect_17_FlameArrowDrop.prefab using Guid(d6b032694995837489fd8c07a93c9fdd) Importer(815301076,1909f56bfc062723c751e8b465ee728b)  -> (artifact id: '12baf164fcef8e607c4e0664bb1959e6') in 0.009021 seconds 
========================================================================
Received Import Request.
  Time since last request: 1.335599 seconds.
  path: Assets/SpecialSkillsEffectsPack/AllEffects/EffectsSet_1(NotScriptBased)/Effects/Effect_19_FlameBreath/Effect_19_FlameBreath.prefab
  artifactKey: Guid(c15e6ae34ba4f4342aaea160e0d30071) Importer(815301076,1909f56bfc062723c751e8b465ee728b)
Start importing Assets/SpecialSkillsEffectsPack/AllEffects/EffectsSet_1(NotScriptBased)/Effects/Effect_19_FlameBreath/Effect_19_FlameBreath.prefab using Guid(c15e6ae34ba4f4342aaea160e0d30071) Importer(815301076,1909f56bfc062723c751e8b465ee728b)  -> (artifact id: '48cb0bfa2e616711671b5b925385efd5') in 0.092655 seconds 
========================================================================
Received Import Request.
  Time since last request: 0.545762 seconds.
  path: Assets/SpecialSkillsEffectsPack/AllEffects/EffectsSet_2(ScriptBased)/Effects/Effect_19_FlameBust/Effect_19_FlameBust.prefab
  artifactKey: Guid(1793ea11f2bf80e419af49c095d80097) Importer(815301076,1909f56bfc062723c751e8b465ee728b)
Start importing Assets/SpecialSkillsEffectsPack/AllEffects/EffectsSet_2(ScriptBased)/Effects/Effect_19_FlameBust/Effect_19_FlameBust.prefab using Guid(1793ea11f2bf80e419af49c095d80097) Importer(815301076,1909f56bfc062723c751e8b465ee728b)  -> (artifact id: 'aa3a3db66c5fcbabeebf15285063c297') in 0.007804 seconds 
========================================================================
Received Import Request.
  Time since last request: 1.429319 seconds.
  path: Assets/SpecialSkillsEffectsPack/AllEffects/EffectsSet_2(ScriptBased)/Effects/Effect_19_FlameBust/Effect_19_Parts/Effect_19_FlameBustPart.prefab
  artifactKey: Guid(ef77aeb97e282c642b636f1e637ec665) Importer(815301076,1909f56bfc062723c751e8b465ee728b)
Start importing Assets/SpecialSkillsEffectsPack/AllEffects/EffectsSet_2(ScriptBased)/Effects/Effect_19_FlameBust/Effect_19_Parts/Effect_19_FlameBustPart.prefab using Guid(ef77aeb97e282c642b636f1e637ec665) Importer(815301076,1909f56bfc062723c751e8b465ee728b)  -> (artifact id: '5a1485b27395ecc6f2ef3cd5c9626f59') in 0.074935 seconds 
========================================================================
Received Import Request.
  Time since last request: 2.124059 seconds.
  path: Assets/SpecialSkillsEffectsPack/AllEffects/EffectsSet_1(NotScriptBased)/Effects/Effect_45_BlastFlame/Effect_45_BlastFlame.prefab
  artifactKey: Guid(e8bdafe19a48d8045a1faf9012c26006) Importer(815301076,1909f56bfc062723c751e8b465ee728b)
Start importing Assets/SpecialSkillsEffectsPack/AllEffects/EffectsSet_1(NotScriptBased)/Effects/Effect_45_BlastFlame/Effect_45_BlastFlame.prefab using Guid(e8bdafe19a48d8045a1faf9012c26006) Importer(815301076,1909f56bfc062723c751e8b465ee728b)  -> (artifact id: '86cc331d89cc24b71b0e4aecb3fcb77f') in 0.074267 seconds 
========================================================================
Received Import Request.
  Time since last request: 2.815411 seconds.
  path: Assets/KriptoFX/Realistic Effects Pack 3/Prefabs/Waves/FlameThrower.prefab
  artifactKey: Guid(2061a3ba211373e4ea2213e0b7b6dbe7) Importer(815301076,1909f56bfc062723c751e8b465ee728b)
Start importing Assets/KriptoFX/Realistic Effects Pack 3/Prefabs/Waves/FlameThrower.prefab using Guid(2061a3ba211373e4ea2213e0b7b6dbe7) Importer(815301076,1909f56bfc062723c751e8b465ee728b)  -> (artifact id: '94ed951d2f00d28fcf6d20b5d0e563ed') in 0.025923 seconds 
========================================================================
Received Import Request.
  Time since last request: 368.230102 seconds.
  path: Assets/KriptoFX/Realistic Effects Pack 3/Materials/Share/Smoke2.png
  artifactKey: Guid(8984ac280c3e3444389d558e30a553a6) Importer(815301076,1909f56bfc062723c751e8b465ee728b)
Start importing Assets/KriptoFX/Realistic Effects Pack 3/Materials/Share/Smoke2.png using Guid(8984ac280c3e3444389d558e30a553a6) Importer(815301076,1909f56bfc062723c751e8b465ee728b)  -> (artifact id: '249278961fa9afcb03411bc37269221e') in 0.030062 seconds 
========================================================================
Received Prepare
Registering precompiled user dll's ...
Registered in 0.004312 seconds.
Begin MonoManager ReloadAssembly
Symbol file LoadedFromMemory doesn't match image D:\Unity_TeamProject\TeamProject_0902\Library\PackageCache\com.unity.visualscripting@1.6.1\Editor\VisualScripting.Core\Dependencies\DotNetZip\Unity.VisualScripting.IonicZip.dll
Symbol file LoadedFromMemory doesn't match image D:\Unity_TeamProject\TeamProject_0902\Library\PackageCache\com.unity.visualscripting@1.6.1\Editor\VisualScripting.Core\Dependencies\YamlDotNet\Unity.VisualScripting.YamlDotNet.dll
Native extension for WindowsStandalone target not found
Refreshing native plugins compatible for Editor in 1.28 ms, found 3 plugins.
Preloading 0 native plugins for Editor in 0.00 ms.
Mono: successfully reloaded assembly
- Completed reload, in  0.912 seconds
Domain Reload Profiling:
	ReloadAssembly (912ms)
		BeginReloadAssembly (103ms)
			ExecutionOrderSort (0ms)
			DisableScriptedObjects (5ms)
			BackupInstance (0ms)
			ReleaseScriptingObjects (0ms)
			CreateAndSetChildDomain (35ms)
		EndReloadAssembly (771ms)
			LoadAssemblies (68ms)
			RebuildTransferFunctionScriptingTraits (0ms)
			SetupTypeCache (249ms)
			ReleaseScriptCaches (1ms)
			RebuildScriptCaches (30ms)
			SetupLoadedEditorAssemblies (358ms)
				LogAssemblyErrors (0ms)
				InitializePlatformSupportModulesInManaged (4ms)
				SetLoadedEditorAssemblies (0ms)
				RefreshPlugins (1ms)
				BeforeProcessingInitializeOnLoad (44ms)
				ProcessInitializeOnLoadAttributes (268ms)
				ProcessInitializeOnLoadMethodAttributes (37ms)
				AfterProcessingInitializeOnLoad (4ms)
				EditorAssembliesLoaded (0ms)
			ExecutionOrderSort2 (0ms)
			AwakeInstancesAfterBackupRestoration (7ms)
Platform modules already initialized, skipping
Refreshing native plugins compatible for Editor in 1.43 ms, found 3 plugins.
Preloading 0 native plugins for Editor in 0.00 ms.
Unloading 4456 Unused Serialized files (Serialized files now loaded: 0)
System memory in use before: 356.2 MB.
System memory in use after: 356.5 MB.

Unloading 62 unused Assets to reduce memory usage. Loaded Objects now: 5033.
Total: 5.186300 ms (FindLiveObjects: 0.235900 ms CreateObjectMapping: 0.126200 ms MarkObjects: 4.751500 ms  DeleteObjects: 0.071900 ms)

AssetImportParameters requested are different than current active one (requested -> active):
  custom:framework-win-MediaFoundation: 216162199b28c13a410421893ffa2e32 -> 
  custom:video-decoder-ogg-theora: a1e56fd34408186e4bbccfd4996cb3dc -> 
  custom:container-muxer-webm: aa71ff27fc2769a1b78a27578f13a17b -> 
  custom:container-demuxer-webm: 4f35f7cbe854078d1ac9338744f61a02 -> 
  custom:container-demuxer-ogg: 62fdf1f143b41e24485cea50d1cbac27 -> 
  custom:video-encoder-webm-vp8: eb34c28f22e8b96e1ab97ce403110664 -> 
  custom:video-decoder-webm-vp8: 9c59270c3fd7afecdb556c50c9e8de78 -> 
  custom:audio-decoder-ogg-vorbis: bf7c407c2cedff20999df2af8eb42d56 -> 
  custom:audio-encoder-webm-vorbis: bf7c407c2cedff20999df2af8eb42d56 -> 
========================================================================
Received Import Request.
  Time since last request: 35.529524 seconds.
  path: Assets/KriptoFX/Realistic Effects Pack 3/Materials/Waves/FlameThrower/Smoke_map.mat
  artifactKey: Guid(4984d7ebee93ef04580440209086c96c) Importer(815301076,1909f56bfc062723c751e8b465ee728b)
Start importing Assets/KriptoFX/Realistic Effects Pack 3/Materials/Waves/FlameThrower/Smoke_map.mat using Guid(4984d7ebee93ef04580440209086c96c) Importer(815301076,1909f56bfc062723c751e8b465ee728b)  -> (artifact id: '4848998516dff59794ab9db85b3e0a8e') in 0.063044 seconds 
========================================================================
Received Prepare
Registering precompiled user dll's ...
Registered in 0.004167 seconds.
Begin MonoManager ReloadAssembly
Symbol file LoadedFromMemory doesn't match image D:\Unity_TeamProject\TeamProject_0902\Library\PackageCache\com.unity.visualscripting@1.6.1\Editor\VisualScripting.Core\Dependencies\DotNetZip\Unity.VisualScripting.IonicZip.dll
Symbol file LoadedFromMemory doesn't match image D:\Unity_TeamProject\TeamProject_0902\Library\PackageCache\com.unity.visualscripting@1.6.1\Editor\VisualScripting.Core\Dependencies\YamlDotNet\Unity.VisualScripting.YamlDotNet.dll
Native extension for WindowsStandalone target not found
Refreshing native plugins compatible for Editor in 1.28 ms, found 3 plugins.
Preloading 0 native plugins for Editor in 0.00 ms.
Mono: successfully reloaded assembly
- Completed reload, in  0.901 seconds
Domain Reload Profiling:
	ReloadAssembly (902ms)
		BeginReloadAssembly (103ms)
			ExecutionOrderSort (0ms)
			DisableScriptedObjects (4ms)
			BackupInstance (0ms)
			ReleaseScriptingObjects (0ms)
			CreateAndSetChildDomain (36ms)
		EndReloadAssembly (759ms)
			LoadAssemblies (79ms)
			RebuildTransferFunctionScriptingTraits (0ms)
			SetupTypeCache (249ms)
			ReleaseScriptCaches (1ms)
			RebuildScriptCaches (30ms)
			SetupLoadedEditorAssemblies (341ms)
				LogAssemblyErrors (0ms)
				InitializePlatformSupportModulesInManaged (3ms)
				SetLoadedEditorAssemblies (0ms)
				RefreshPlugins (1ms)
				BeforeProcessingInitializeOnLoad (44ms)
				ProcessInitializeOnLoadAttributes (250ms)
				ProcessInitializeOnLoadMethodAttributes (38ms)
				AfterProcessingInitializeOnLoad (4ms)
				EditorAssembliesLoaded (0ms)
			ExecutionOrderSort2 (0ms)
			AwakeInstancesAfterBackupRestoration (7ms)
Platform modules already initialized, skipping
Refreshing native plugins compatible for Editor in 1.36 ms, found 3 plugins.
Preloading 0 native plugins for Editor in 0.00 ms.
Unloading 4455 Unused Serialized files (Serialized files now loaded: 0)
System memory in use before: 356.5 MB.
System memory in use after: 356.7 MB.

Unloading 61 unused Assets to reduce memory usage. Loaded Objects now: 5069.
Total: 4.572800 ms (FindLiveObjects: 0.236000 ms CreateObjectMapping: 0.119800 ms MarkObjects: 4.183700 ms  DeleteObjects: 0.032600 ms)

AssetImportParameters requested are different than current active one (requested -> active):
  custom:framework-win-MediaFoundation: 216162199b28c13a410421893ffa2e32 -> 
  custom:video-decoder-ogg-theora: a1e56fd34408186e4bbccfd4996cb3dc -> 
  custom:container-muxer-webm: aa71ff27fc2769a1b78a27578f13a17b -> 
  custom:container-demuxer-webm: 4f35f7cbe854078d1ac9338744f61a02 -> 
  custom:container-demuxer-ogg: 62fdf1f143b41e24485cea50d1cbac27 -> 
  custom:video-encoder-webm-vp8: eb34c28f22e8b96e1ab97ce403110664 -> 
  custom:video-decoder-webm-vp8: 9c59270c3fd7afecdb556c50c9e8de78 -> 
  custom:audio-decoder-ogg-vorbis: bf7c407c2cedff20999df2af8eb42d56 -> 
  custom:audio-encoder-webm-vorbis: bf7c407c2cedff20999df2af8eb42d56 -> 
========================================================================
Received Prepare
Registering precompiled user dll's ...
Registered in 0.004885 seconds.
Begin MonoManager ReloadAssembly
Symbol file LoadedFromMemory doesn't match image D:\Unity_TeamProject\TeamProject_0902\Library\PackageCache\com.unity.visualscripting@1.6.1\Editor\VisualScripting.Core\Dependencies\DotNetZip\Unity.VisualScripting.IonicZip.dll
Symbol file LoadedFromMemory doesn't match image D:\Unity_TeamProject\TeamProject_0902\Library\PackageCache\com.unity.visualscripting@1.6.1\Editor\VisualScripting.Core\Dependencies\YamlDotNet\Unity.VisualScripting.YamlDotNet.dll
Native extension for WindowsStandalone target not found
Refreshing native plugins compatible for Editor in 1.33 ms, found 3 plugins.
Preloading 0 native plugins for Editor in 0.00 ms.
Mono: successfully reloaded assembly
- Completed reload, in  0.888 seconds
Domain Reload Profiling:
	ReloadAssembly (888ms)
		BeginReloadAssembly (96ms)
			ExecutionOrderSort (0ms)
			DisableScriptedObjects (5ms)
			BackupInstance (0ms)
			ReleaseScriptingObjects (0ms)
			CreateAndSetChildDomain (32ms)
		EndReloadAssembly (753ms)
			LoadAssemblies (82ms)
			RebuildTransferFunctionScriptingTraits (0ms)
			SetupTypeCache (246ms)
			ReleaseScriptCaches (1ms)
			RebuildScriptCaches (31ms)
			SetupLoadedEditorAssemblies (338ms)
				LogAssemblyErrors (0ms)
				InitializePlatformSupportModulesInManaged (3ms)
				SetLoadedEditorAssemblies (0ms)
				RefreshPlugins (1ms)
				BeforeProcessingInitializeOnLoad (44ms)
				ProcessInitializeOnLoadAttributes (246ms)
				ProcessInitializeOnLoadMethodAttributes (39ms)
				AfterProcessingInitializeOnLoad (4ms)
				EditorAssembliesLoaded (0ms)
			ExecutionOrderSort2 (0ms)
			AwakeInstancesAfterBackupRestoration (7ms)
Platform modules already initialized, skipping
Refreshing native plugins compatible for Editor in 1.37 ms, found 3 plugins.
Preloading 0 native plugins for Editor in 0.00 ms.
Unloading 4455 Unused Serialized files (Serialized files now loaded: 0)
System memory in use before: 356.5 MB.
System memory in use after: 356.8 MB.

Unloading 61 unused Assets to reduce memory usage. Loaded Objects now: 5072.
Total: 4.991600 ms (FindLiveObjects: 0.250300 ms CreateObjectMapping: 0.122100 ms MarkObjects: 4.583000 ms  DeleteObjects: 0.035200 ms)

AssetImportParameters requested are different than current active one (requested -> active):
  custom:framework-win-MediaFoundation: 216162199b28c13a410421893ffa2e32 -> 
  custom:video-decoder-ogg-theora: a1e56fd34408186e4bbccfd4996cb3dc -> 
  custom:container-muxer-webm: aa71ff27fc2769a1b78a27578f13a17b -> 
  custom:container-demuxer-webm: 4f35f7cbe854078d1ac9338744f61a02 -> 
  custom:container-demuxer-ogg: 62fdf1f143b41e24485cea50d1cbac27 -> 
  custom:video-encoder-webm-vp8: eb34c28f22e8b96e1ab97ce403110664 -> 
  custom:video-decoder-webm-vp8: 9c59270c3fd7afecdb556c50c9e8de78 -> 
  custom:audio-decoder-ogg-vorbis: bf7c407c2cedff20999df2af8eb42d56 -> 
  custom:audio-encoder-webm-vorbis: bf7c407c2cedff20999df2af8eb42d56 -> 
========================================================================
Received Import Request.
  Time since last request: 366.356147 seconds.
  path: Assets/KriptoFX/Realistic Effects Pack 3/Materials/Waves/FlameThrower/Smoke_map.mat
  artifactKey: Guid(4984d7ebee93ef04580440209086c96c) Importer(815301076,1909f56bfc062723c751e8b465ee728b)
Start importing Assets/KriptoFX/Realistic Effects Pack 3/Materials/Waves/FlameThrower/Smoke_map.mat using Guid(4984d7ebee93ef04580440209086c96c) Importer(815301076,1909f56bfc062723c751e8b465ee728b)  -> (artifact id: '1191504950345558bad96efe62ec802b') in 0.059885 seconds 
========================================================================
Received Prepare
Registering precompiled user dll's ...
Registered in 0.005207 seconds.
Begin MonoManager ReloadAssembly
Symbol file LoadedFromMemory doesn't match image D:\Unity_TeamProject\TeamProject_0902\Library\PackageCache\com.unity.visualscripting@1.6.1\Editor\VisualScripting.Core\Dependencies\DotNetZip\Unity.VisualScripting.IonicZip.dll
Symbol file LoadedFromMemory doesn't match image D:\Unity_TeamProject\TeamProject_0902\Library\PackageCache\com.unity.visualscripting@1.6.1\Editor\VisualScripting.Core\Dependencies\YamlDotNet\Unity.VisualScripting.YamlDotNet.dll
Native extension for WindowsStandalone target not found
Refreshing native plugins compatible for Editor in 1.32 ms, found 3 plugins.
Preloading 0 native plugins for Editor in 0.00 ms.
Mono: successfully reloaded assembly
- Completed reload, in  0.994 seconds
Domain Reload Profiling:
	ReloadAssembly (994ms)
		BeginReloadAssembly (106ms)
			ExecutionOrderSort (0ms)
			DisableScriptedObjects (6ms)
			BackupInstance (0ms)
			ReleaseScriptingObjects (0ms)
			CreateAndSetChildDomain (39ms)
		EndReloadAssembly (845ms)
			LoadAssemblies (79ms)
			RebuildTransferFunctionScriptingTraits (0ms)
			SetupTypeCache (276ms)
			ReleaseScriptCaches (1ms)
			RebuildScriptCaches (34ms)
			SetupLoadedEditorAssemblies (383ms)
				LogAssemblyErrors (0ms)
				InitializePlatformSupportModulesInManaged (4ms)
				SetLoadedEditorAssemblies (0ms)
				RefreshPlugins (1ms)
				BeforeProcessingInitializeOnLoad (48ms)
				ProcessInitializeOnLoadAttributes (280ms)
				ProcessInitializeOnLoadMethodAttributes (46ms)
				AfterProcessingInitializeOnLoad (4ms)
				EditorAssembliesLoaded (0ms)
			ExecutionOrderSort2 (0ms)
			AwakeInstancesAfterBackupRestoration (8ms)
Platform modules already initialized, skipping
Refreshing native plugins compatible for Editor in 1.35 ms, found 3 plugins.
Preloading 0 native plugins for Editor in 0.00 ms.
Unloading 4455 Unused Serialized files (Serialized files now loaded: 0)
System memory in use before: 356.5 MB.
System memory in use after: 356.8 MB.

Unloading 61 unused Assets to reduce memory usage. Loaded Objects now: 5076.
Total: 5.663000 ms (FindLiveObjects: 0.324100 ms CreateObjectMapping: 0.155900 ms MarkObjects: 5.157200 ms  DeleteObjects: 0.024400 ms)

AssetImportParameters requested are different than current active one (requested -> active):
  custom:framework-win-MediaFoundation: 216162199b28c13a410421893ffa2e32 -> 
  custom:video-decoder-ogg-theora: a1e56fd34408186e4bbccfd4996cb3dc -> 
  custom:container-muxer-webm: aa71ff27fc2769a1b78a27578f13a17b -> 
  custom:container-demuxer-webm: 4f35f7cbe854078d1ac9338744f61a02 -> 
  custom:container-demuxer-ogg: 62fdf1f143b41e24485cea50d1cbac27 -> 
  custom:video-encoder-webm-vp8: eb34c28f22e8b96e1ab97ce403110664 -> 
  custom:video-decoder-webm-vp8: 9c59270c3fd7afecdb556c50c9e8de78 -> 
  custom:audio-decoder-ogg-vorbis: bf7c407c2cedff20999df2af8eb42d56 -> 
  custom:audio-encoder-webm-vorbis: bf7c407c2cedff20999df2af8eb42d56 -> 
========================================================================
Received Import Request.
  Time since last request: 164.641147 seconds.
  path: Assets/Resources/Smoke.prefab
  artifactKey: Guid(0832ce6f7ff9f43439572607c2e1daed) Importer(815301076,1909f56bfc062723c751e8b465ee728b)
Start importing Assets/Resources/Smoke.prefab using Guid(0832ce6f7ff9f43439572607c2e1daed) Importer(815301076,1909f56bfc062723c751e8b465ee728b)  -> (artifact id: 'c6acc0caec7e3ae45fa83477112d3779') in 0.054070 seconds 
========================================================================
Received Prepare
Registering precompiled user dll's ...
Registered in 0.004310 seconds.
Begin MonoManager ReloadAssembly
Symbol file LoadedFromMemory doesn't match image D:\Unity_TeamProject\TeamProject_0902\Library\PackageCache\com.unity.visualscripting@1.6.1\Editor\VisualScripting.Core\Dependencies\DotNetZip\Unity.VisualScripting.IonicZip.dll
Symbol file LoadedFromMemory doesn't match image D:\Unity_TeamProject\TeamProject_0902\Library\PackageCache\com.unity.visualscripting@1.6.1\Editor\VisualScripting.Core\Dependencies\YamlDotNet\Unity.VisualScripting.YamlDotNet.dll
Native extension for WindowsStandalone target not found
Refreshing native plugins compatible for Editor in 1.51 ms, found 3 plugins.
Preloading 0 native plugins for Editor in 0.00 ms.
Mono: successfully reloaded assembly
- Completed reload, in  0.896 seconds
Domain Reload Profiling:
	ReloadAssembly (897ms)
		BeginReloadAssembly (92ms)
			ExecutionOrderSort (0ms)
			DisableScriptedObjects (4ms)
			BackupInstance (0ms)
			ReleaseScriptingObjects (0ms)
			CreateAndSetChildDomain (34ms)
		EndReloadAssembly (764ms)
			LoadAssemblies (71ms)
			RebuildTransferFunctionScriptingTraits (0ms)
			SetupTypeCache (250ms)
			ReleaseScriptCaches (1ms)
			RebuildScriptCaches (32ms)
			SetupLoadedEditorAssemblies (348ms)
				LogAssemblyErrors (0ms)
				InitializePlatformSupportModulesInManaged (4ms)
				SetLoadedEditorAssemblies (0ms)
				RefreshPlugins (2ms)
				BeforeProcessingInitializeOnLoad (44ms)
				ProcessInitializeOnLoadAttributes (256ms)
				ProcessInitializeOnLoadMethodAttributes (38ms)
				AfterProcessingInitializeOnLoad (3ms)
				EditorAssembliesLoaded (0ms)
			ExecutionOrderSort2 (0ms)
			AwakeInstancesAfterBackupRestoration (7ms)
Platform modules already initialized, skipping
Refreshing native plugins compatible for Editor in 1.37 ms, found 3 plugins.
Preloading 0 native plugins for Editor in 0.00 ms.
Unloading 4455 Unused Serialized files (Serialized files now loaded: 0)
System memory in use before: 356.5 MB.
System memory in use after: 356.8 MB.

Unloading 61 unused Assets to reduce memory usage. Loaded Objects now: 5080.
Total: 4.900000 ms (FindLiveObjects: 0.238200 ms CreateObjectMapping: 0.120200 ms MarkObjects: 4.504600 ms  DeleteObjects: 0.036300 ms)

AssetImportParameters requested are different than current active one (requested -> active):
  custom:framework-win-MediaFoundation: 216162199b28c13a410421893ffa2e32 -> 
  custom:video-decoder-ogg-theora: a1e56fd34408186e4bbccfd4996cb3dc -> 
  custom:container-muxer-webm: aa71ff27fc2769a1b78a27578f13a17b -> 
  custom:container-demuxer-webm: 4f35f7cbe854078d1ac9338744f61a02 -> 
  custom:container-demuxer-ogg: 62fdf1f143b41e24485cea50d1cbac27 -> 
  custom:video-encoder-webm-vp8: eb34c28f22e8b96e1ab97ce403110664 -> 
  custom:video-decoder-webm-vp8: 9c59270c3fd7afecdb556c50c9e8de78 -> 
  custom:audio-decoder-ogg-vorbis: bf7c407c2cedff20999df2af8eb42d56 -> 
  custom:audio-encoder-webm-vorbis: bf7c407c2cedff20999df2af8eb42d56 -> 
========================================================================
Received Import Request.
  Time since last request: 981.571489 seconds.
  path: ProjectSettings/TagManager.asset
  artifactKey: Guid(00000000000000003000000000000000) Importer(815301076,1909f56bfc062723c751e8b465ee728b)
Start importing ProjectSettings/TagManager.asset using Guid(00000000000000003000000000000000) Importer(815301076,1909f56bfc062723c751e8b465ee728b)  -> (artifact id: 'f3efb92bd3fc8754251d7d02ee0fdb8e') in 0.019818 seconds 
========================================================================
Received Prepare
Registering precompiled user dll's ...
Registered in 0.004705 seconds.
Begin MonoManager ReloadAssembly
Symbol file LoadedFromMemory doesn't match image D:\Unity_TeamProject\TeamProject_0902\Library\PackageCache\com.unity.visualscripting@1.6.1\Editor\VisualScripting.Core\Dependencies\DotNetZip\Unity.VisualScripting.IonicZip.dll
Symbol file LoadedFromMemory doesn't match image D:\Unity_TeamProject\TeamProject_0902\Library\PackageCache\com.unity.visualscripting@1.6.1\Editor\VisualScripting.Core\Dependencies\YamlDotNet\Unity.VisualScripting.YamlDotNet.dll
Native extension for WindowsStandalone target not found
Refreshing native plugins compatible for Editor in 1.73 ms, found 3 plugins.
Preloading 0 native plugins for Editor in 0.00 ms.
Mono: successfully reloaded assembly
- Completed reload, in  1.010 seconds
Domain Reload Profiling:
	ReloadAssembly (1010ms)
		BeginReloadAssembly (104ms)
			ExecutionOrderSort (0ms)
			DisableScriptedObjects (5ms)
			BackupInstance (0ms)
			ReleaseScriptingObjects (0ms)
			CreateAndSetChildDomain (39ms)
		EndReloadAssembly (862ms)
			LoadAssemblies (76ms)
			RebuildTransferFunctionScriptingTraits (0ms)
			SetupTypeCache (277ms)
			ReleaseScriptCaches (1ms)
			RebuildScriptCaches (37ms)
			SetupLoadedEditorAssemblies (397ms)
				LogAssemblyErrors (0ms)
				InitializePlatformSupportModulesInManaged (4ms)
				SetLoadedEditorAssemblies (0ms)
				RefreshPlugins (2ms)
				BeforeProcessingInitializeOnLoad (51ms)
				ProcessInitializeOnLoadAttributes (286ms)
				ProcessInitializeOnLoadMethodAttributes (48ms)
				AfterProcessingInitializeOnLoad (5ms)
				EditorAssembliesLoaded (0ms)
			ExecutionOrderSort2 (0ms)
			AwakeInstancesAfterBackupRestoration (8ms)
Platform modules already initialized, skipping
Refreshing native plugins compatible for Editor in 2.86 ms, found 3 plugins.
Preloading 0 native plugins for Editor in 0.00 ms.
Unloading 4455 Unused Serialized files (Serialized files now loaded: 0)
System memory in use before: 356.6 MB.
System memory in use after: 356.8 MB.

Unloading 62 unused Assets to reduce memory usage. Loaded Objects now: 5083.
Total: 6.509600 ms (FindLiveObjects: 0.279600 ms CreateObjectMapping: 0.160200 ms MarkObjects: 5.997400 ms  DeleteObjects: 0.070200 ms)

AssetImportParameters requested are different than current active one (requested -> active):
  custom:framework-win-MediaFoundation: 216162199b28c13a410421893ffa2e32 -> 
  custom:video-decoder-ogg-theora: a1e56fd34408186e4bbccfd4996cb3dc -> 
  custom:container-muxer-webm: aa71ff27fc2769a1b78a27578f13a17b -> 
  custom:container-demuxer-webm: 4f35f7cbe854078d1ac9338744f61a02 -> 
  custom:container-demuxer-ogg: 62fdf1f143b41e24485cea50d1cbac27 -> 
  custom:video-encoder-webm-vp8: eb34c28f22e8b96e1ab97ce403110664 -> 
  custom:video-decoder-webm-vp8: 9c59270c3fd7afecdb556c50c9e8de78 -> 
  custom:audio-decoder-ogg-vorbis: bf7c407c2cedff20999df2af8eb42d56 -> 
  custom:audio-encoder-webm-vorbis: bf7c407c2cedff20999df2af8eb42d56 -> 
========================================================================
Received Import Request.
  Time since last request: 1156.798209 seconds.
  path: Assets/FORGE3D/Sci-Fi Effects
  artifactKey: Guid(9b99e5fbc1ab0b3439350f00b26d78d5) Importer(815301076,1909f56bfc062723c751e8b465ee728b)
Start importing Assets/FORGE3D/Sci-Fi Effects using Guid(9b99e5fbc1ab0b3439350f00b26d78d5) Importer(815301076,1909f56bfc062723c751e8b465ee728b)  -> (artifact id: 'f42e31cdf5bab43ede74473539cf76bf') in 0.011763 seconds 
========================================================================
Received Import Request.
  Time since last request: 1.986535 seconds.
  path: Assets/FORGE3D/Sci-Fi Effects/Sci-Fi Effects 2.2 Standard Renderer 2018.4.34f1.unitypackage
  artifactKey: Guid(4b72130d45805af4eb75e33b54d02dfb) Importer(815301076,1909f56bfc062723c751e8b465ee728b)
Start importing Assets/FORGE3D/Sci-Fi Effects/Sci-Fi Effects 2.2 Standard Renderer 2018.4.34f1.unitypackage using Guid(4b72130d45805af4eb75e33b54d02dfb) Importer(815301076,1909f56bfc062723c751e8b465ee728b)  -> (artifact id: 'eba53de649631b4e29243cde57d53bed') in 0.019889 seconds 
========================================================================
Received Import Request.
  Time since last request: 392.644436 seconds.
  path: Assets/FORGE3D/HelpMenu/Editor
  artifactKey: Guid(58dedb5e720f1df44b61117c89bfa91c) Importer(815301076,1909f56bfc062723c751e8b465ee728b)
Start importing Assets/FORGE3D/HelpMenu/Editor using Guid(58dedb5e720f1df44b61117c89bfa91c) Importer(815301076,1909f56bfc062723c751e8b465ee728b)  -> (artifact id: 'b946e9fa438d84629cddbae1b97998dc') in 0.006234 seconds 
========================================================================
Received Prepare
Registering precompiled user dll's ...
Registered in 0.066495 seconds.
Begin MonoManager ReloadAssembly
Symbol file LoadedFromMemory doesn't match image D:\Unity_TeamProject\TeamProject_0902\Library\PackageCache\com.unity.visualscripting@1.6.1\Editor\VisualScripting.Core\Dependencies\DotNetZip\Unity.VisualScripting.IonicZip.dll
Symbol file LoadedFromMemory doesn't match image D:\Unity_TeamProject\TeamProject_0902\Library\PackageCache\com.unity.visualscripting@1.6.1\Editor\VisualScripting.Core\Dependencies\YamlDotNet\Unity.VisualScripting.YamlDotNet.dll
Native extension for WindowsStandalone target not found
Refreshing native plugins compatible for Editor in 1.52 ms, found 3 plugins.
Preloading 0 native plugins for Editor in 0.00 ms.
Mono: successfully reloaded assembly
- Completed reload, in  0.912 seconds
Domain Reload Profiling:
	ReloadAssembly (912ms)
		BeginReloadAssembly (93ms)
			ExecutionOrderSort (0ms)
			DisableScriptedObjects (5ms)
			BackupInstance (0ms)
			ReleaseScriptingObjects (0ms)
			CreateAndSetChildDomain (33ms)
		EndReloadAssembly (781ms)
			LoadAssemblies (107ms)
			RebuildTransferFunctionScriptingTraits (0ms)
			SetupTypeCache (236ms)
			ReleaseScriptCaches (1ms)
			RebuildScriptCaches (31ms)
			SetupLoadedEditorAssemblies (342ms)
				LogAssemblyErrors (0ms)
				InitializePlatformSupportModulesInManaged (4ms)
				SetLoadedEditorAssemblies (0ms)
				RefreshPlugins (2ms)
				BeforeProcessingInitializeOnLoad (46ms)
				ProcessInitializeOnLoadAttributes (249ms)
				ProcessInitializeOnLoadMethodAttributes (38ms)
				AfterProcessingInitializeOnLoad (4ms)
				EditorAssembliesLoaded (0ms)
			ExecutionOrderSort2 (0ms)
			AwakeInstancesAfterBackupRestoration (7ms)
Platform modules already initialized, skipping
Shader 'FORGE3D/Burnout': fallback shader 'Transparent' not found
Shader 'FORGE3D/Billboard Additive': fallback shader 'Particles/Additive' not found
Shader 'FORGE3D/Burnout': fallback shader 'Transparent' not found
Shader 'FORGE3D/Billboard Additive': fallback shader 'Particles/Additive' not found
Refreshing native plugins compatible for Editor in 1.54 ms, found 3 plugins.
Preloading 0 native plugins for Editor in 0.00 ms.
Unloading 4516 Unused Serialized files (Serialized files now loaded: 0)
System memory in use before: 362.2 MB.
System memory in use after: 360.9 MB.

Unloading 80 unused Assets to reduce memory usage. Loaded Objects now: 5129.
Total: 5.939100 ms (FindLiveObjects: 0.319700 ms CreateObjectMapping: 0.138000 ms MarkObjects: 4.913500 ms  DeleteObjects: 0.566600 ms)

AssetImportParameters requested are different than current active one (requested -> active):
  custom:framework-win-MediaFoundation: 216162199b28c13a410421893ffa2e32 -> 
  custom:video-decoder-ogg-theora: a1e56fd34408186e4bbccfd4996cb3dc -> 
  custom:container-muxer-webm: aa71ff27fc2769a1b78a27578f13a17b -> 
  custom:container-demuxer-webm: 4f35f7cbe854078d1ac9338744f61a02 -> 
  custom:container-demuxer-ogg: 62fdf1f143b41e24485cea50d1cbac27 -> 
  custom:video-encoder-webm-vp8: eb34c28f22e8b96e1ab97ce403110664 -> 
  custom:video-decoder-webm-vp8: 9c59270c3fd7afecdb556c50c9e8de78 -> 
  custom:audio-decoder-ogg-vorbis: bf7c407c2cedff20999df2af8eb42d56 -> 
  custom:audio-encoder-webm-vorbis: bf7c407c2cedff20999df2af8eb42d56 -> 
========================================================================
Received Import Request.
  Time since last request: 64.335276 seconds.
  path: Assets/FORGE3D/Sci-Fi Effects/Burnout.unity
  artifactKey: Guid(16efff009a4e5e84fa8e394b50cf46b6) Importer(815301076,1909f56bfc062723c751e8b465ee728b)
Start importing Assets/FORGE3D/Sci-Fi Effects/Burnout.unity using Guid(16efff009a4e5e84fa8e394b50cf46b6) Importer(815301076,1909f56bfc062723c751e8b465ee728b)  -> (artifact id: '84d409a245e6e948fc1b4e7055572230') in 0.021435 seconds 
========================================================================
Received Import Request.
  Time since last request: 1.641218 seconds.
  path: Assets/FORGE3D/Sci-Fi Effects/Debris Field.unity
  artifactKey: Guid(2d6e50b01526ad24db5e265123eb2600) Importer(815301076,1909f56bfc062723c751e8b465ee728b)
Start importing Assets/FORGE3D/Sci-Fi Effects/Debris Field.unity using Guid(2d6e50b01526ad24db5e265123eb2600) Importer(815301076,1909f56bfc062723c751e8b465ee728b)  -> (artifact id: '6ec73e9fc1eefa142b4d5da9005f329b') in 0.004485 seconds 
========================================================================
Received Import Request.
  Time since last request: 16.946987 seconds.
  path: Assets/FORGE3D/Sci-Fi Effects/Holographic.unity
  artifactKey: Guid(6b268fa33c2aa9b4ba863dca143239cf) Importer(815301076,1909f56bfc062723c751e8b465ee728b)
Start importing Assets/FORGE3D/Sci-Fi Effects/Holographic.unity using Guid(6b268fa33c2aa9b4ba863dca143239cf) Importer(815301076,1909f56bfc062723c751e8b465ee728b)  -> (artifact id: 'd0732ebd12bebab2d509a22d2cdcca1f') in 0.004700 seconds 
========================================================================
Received Import Request.
  Time since last request: 2.304356 seconds.
  path: Assets/FORGE3D/Sci-Fi Effects/Effects.unity
  artifactKey: Guid(8e296e79d174bde4d958e6996700445c) Importer(815301076,1909f56bfc062723c751e8b465ee728b)
Start importing Assets/FORGE3D/Sci-Fi Effects/Effects.unity using Guid(8e296e79d174bde4d958e6996700445c) Importer(815301076,1909f56bfc062723c751e8b465ee728b)  -> (artifact id: '807ded6560666bb11c3629489f34a696') in 0.004574 seconds 
========================================================================
Received Import Request.
  Time since last request: 27.591471 seconds.
  path: Assets/FORGE3D/Sci-Fi Effects/Missiles.unity
  artifactKey: Guid(3f3eb0b74e77c7b408a2400deb009436) Importer(815301076,1909f56bfc062723c751e8b465ee728b)
Start importing Assets/FORGE3D/Sci-Fi Effects/Missiles.unity using Guid(3f3eb0b74e77c7b408a2400deb009436) Importer(815301076,1909f56bfc062723c751e8b465ee728b)  -> (artifact id: 'ea0a21995d7afea66d1838141ca18739') in 0.005064 seconds 
========================================================================
Received Import Request.
  Time since last request: 68.210304 seconds.
  path: Assets/FORGE3D/Sci-Fi Effects/Code/Turrets/F3DTurret.cs
  artifactKey: Guid(e372740a20947eb4f8b6f67a70eee34d) Importer(815301076,1909f56bfc062723c751e8b465ee728b)
Start importing Assets/FORGE3D/Sci-Fi Effects/Code/Turrets/F3DTurret.cs using Guid(e372740a20947eb4f8b6f67a70eee34d) Importer(815301076,1909f56bfc062723c751e8b465ee728b)  -> (artifact id: '4a9b02074988263c30de45d711408bc9') in 0.013262 seconds 
========================================================================
Received Prepare
Registering precompiled user dll's ...
Registered in 0.004407 seconds.
Begin MonoManager ReloadAssembly
Symbol file LoadedFromMemory doesn't match image D:\Unity_TeamProject\TeamProject_0902\Library\PackageCache\com.unity.visualscripting@1.6.1\Editor\VisualScripting.Core\Dependencies\DotNetZip\Unity.VisualScripting.IonicZip.dll
Symbol file LoadedFromMemory doesn't match image D:\Unity_TeamProject\TeamProject_0902\Library\PackageCache\com.unity.visualscripting@1.6.1\Editor\VisualScripting.Core\Dependencies\YamlDotNet\Unity.VisualScripting.YamlDotNet.dll
Native extension for WindowsStandalone target not found
Refreshing native plugins compatible for Editor in 1.34 ms, found 3 plugins.
Preloading 0 native plugins for Editor in 0.00 ms.
Mono: successfully reloaded assembly
- Completed reload, in  0.914 seconds
Domain Reload Profiling:
	ReloadAssembly (914ms)
		BeginReloadAssembly (104ms)
			ExecutionOrderSort (0ms)
			DisableScriptedObjects (5ms)
			BackupInstance (0ms)
			ReleaseScriptingObjects (0ms)
			CreateAndSetChildDomain (36ms)
		EndReloadAssembly (771ms)
			LoadAssemblies (69ms)
			RebuildTransferFunctionScriptingTraits (0ms)
			SetupTypeCache (248ms)
			ReleaseScriptCaches (1ms)
			RebuildScriptCaches (31ms)
			SetupLoadedEditorAssemblies (361ms)
				LogAssemblyErrors (0ms)
				InitializePlatformSupportModulesInManaged (3ms)
				SetLoadedEditorAssemblies (0ms)
				RefreshPlugins (1ms)
				BeforeProcessingInitializeOnLoad (45ms)
				ProcessInitializeOnLoadAttributes (262ms)
				ProcessInitializeOnLoadMethodAttributes (45ms)
				AfterProcessingInitializeOnLoad (4ms)
				EditorAssembliesLoaded (0ms)
			ExecutionOrderSort2 (0ms)
			AwakeInstancesAfterBackupRestoration (7ms)
Platform modules already initialized, skipping
Shader 'FORGE3D/Burnout': fallback shader 'Transparent' not found
Shader 'FORGE3D/Billboard Additive': fallback shader 'Particles/Additive' not found
Shader 'FORGE3D/Billboard Additive': fallback shader 'Particles/Additive' not found
Shader 'FORGE3D/Burnout': fallback shader 'Transparent' not found
Refreshing native plugins compatible for Editor in 1.45 ms, found 3 plugins.
Preloading 0 native plugins for Editor in 0.00 ms.
Unloading 4516 Unused Serialized files (Serialized files now loaded: 0)
System memory in use before: 362.3 MB.
System memory in use after: 361.0 MB.

Unloading 80 unused Assets to reduce memory usage. Loaded Objects now: 5132.
Total: 5.885000 ms (FindLiveObjects: 0.253700 ms CreateObjectMapping: 0.134800 ms MarkObjects: 4.973000 ms  DeleteObjects: 0.522300 ms)

AssetImportParameters requested are different than current active one (requested -> active):
  custom:framework-win-MediaFoundation: 216162199b28c13a410421893ffa2e32 -> 
  custom:video-decoder-ogg-theora: a1e56fd34408186e4bbccfd4996cb3dc -> 
  custom:container-muxer-webm: aa71ff27fc2769a1b78a27578f13a17b -> 
  custom:container-demuxer-webm: 4f35f7cbe854078d1ac9338744f61a02 -> 
  custom:container-demuxer-ogg: 62fdf1f143b41e24485cea50d1cbac27 -> 
  custom:video-encoder-webm-vp8: eb34c28f22e8b96e1ab97ce403110664 -> 
  custom:video-decoder-webm-vp8: 9c59270c3fd7afecdb556c50c9e8de78 -> 
  custom:audio-decoder-ogg-vorbis: bf7c407c2cedff20999df2af8eb42d56 -> 
  custom:audio-encoder-webm-vorbis: bf7c407c2cedff20999df2af8eb42d56 -> 
========================================================================
Received Prepare
Registering precompiled user dll's ...
Registered in 0.005239 seconds.
Begin MonoManager ReloadAssembly
Symbol file LoadedFromMemory doesn't match image D:\Unity_TeamProject\TeamProject_0902\Library\PackageCache\com.unity.visualscripting@1.6.1\Editor\VisualScripting.Core\Dependencies\DotNetZip\Unity.VisualScripting.IonicZip.dll
Symbol file LoadedFromMemory doesn't match image D:\Unity_TeamProject\TeamProject_0902\Library\PackageCache\com.unity.visualscripting@1.6.1\Editor\VisualScripting.Core\Dependencies\YamlDotNet\Unity.VisualScripting.YamlDotNet.dll
Native extension for WindowsStandalone target not found
Refreshing native plugins compatible for Editor in 1.64 ms, found 3 plugins.
Preloading 0 native plugins for Editor in 0.00 ms.
Mono: successfully reloaded assembly
- Completed reload, in  1.067 seconds
Domain Reload Profiling:
	ReloadAssembly (1067ms)
		BeginReloadAssembly (106ms)
			ExecutionOrderSort (0ms)
			DisableScriptedObjects (6ms)
			BackupInstance (0ms)
			ReleaseScriptingObjects (0ms)
			CreateAndSetChildDomain (36ms)
		EndReloadAssembly (914ms)
			LoadAssemblies (80ms)
			RebuildTransferFunctionScriptingTraits (0ms)
			SetupTypeCache (296ms)
			ReleaseScriptCaches (1ms)
			RebuildScriptCaches (37ms)
			SetupLoadedEditorAssemblies (418ms)
				LogAssemblyErrors (0ms)
				InitializePlatformSupportModulesInManaged (5ms)
				SetLoadedEditorAssemblies (1ms)
				RefreshPlugins (2ms)
				BeforeProcessingInitializeOnLoad (59ms)
				ProcessInitializeOnLoadAttributes (302ms)
				ProcessInitializeOnLoadMethodAttributes (46ms)
				AfterProcessingInitializeOnLoad (4ms)
				EditorAssembliesLoaded (0ms)
			ExecutionOrderSort2 (0ms)
			AwakeInstancesAfterBackupRestoration (9ms)
Platform modules already initialized, skipping
Shader 'FORGE3D/Burnout': fallback shader 'Transparent' not found
Shader 'FORGE3D/Billboard Additive': fallback shader 'Particles/Additive' not found
Shader 'FORGE3D/Billboard Additive': fallback shader 'Particles/Additive' not found
Shader 'FORGE3D/Burnout': fallback shader 'Transparent' not found
Refreshing native plugins compatible for Editor in 1.66 ms, found 3 plugins.
Preloading 0 native plugins for Editor in 0.00 ms.
Unloading 4516 Unused Serialized files (Serialized files now loaded: 0)
System memory in use before: 362.3 MB.
System memory in use after: 361.0 MB.

Unloading 80 unused Assets to reduce memory usage. Loaded Objects now: 5135.
Total: 5.941300 ms (FindLiveObjects: 0.294900 ms CreateObjectMapping: 0.162300 ms MarkObjects: 4.928800 ms  DeleteObjects: 0.551900 ms)

AssetImportParameters requested are different than current active one (requested -> active):
  custom:framework-win-MediaFoundation: 216162199b28c13a410421893ffa2e32 -> 
  custom:video-decoder-ogg-theora: a1e56fd34408186e4bbccfd4996cb3dc -> 
  custom:container-muxer-webm: aa71ff27fc2769a1b78a27578f13a17b -> 
  custom:container-demuxer-webm: 4f35f7cbe854078d1ac9338744f61a02 -> 
  custom:container-demuxer-ogg: 62fdf1f143b41e24485cea50d1cbac27 -> 
  custom:video-encoder-webm-vp8: eb34c28f22e8b96e1ab97ce403110664 -> 
  custom:video-decoder-webm-vp8: 9c59270c3fd7afecdb556c50c9e8de78 -> 
  custom:audio-decoder-ogg-vorbis: bf7c407c2cedff20999df2af8eb42d56 -> 
  custom:audio-encoder-webm-vorbis: bf7c407c2cedff20999df2af8eb42d56 -> 
========================================================================
Received Import Request.
  Time since last request: 93.342928 seconds.
  path: Assets/FORGE3D/Sci-Fi Effects/Sci-Fi Effects 2.2 LWRP 2018.4.34f1.unitypackage
  artifactKey: Guid(6ed84136f27955f4e9a6f2fd5015a1b9) Importer(815301076,1909f56bfc062723c751e8b465ee728b)
Start importing Assets/FORGE3D/Sci-Fi Effects/Sci-Fi Effects 2.2 LWRP 2018.4.34f1.unitypackage using Guid(6ed84136f27955f4e9a6f2fd5015a1b9) Importer(815301076,1909f56bfc062723c751e8b465ee728b)  -> (artifact id: 'c7b68a36147b020de3ff9573a64f0732') in 0.025280 seconds 
========================================================================
Received Import Request.
  Time since last request: 0.684884 seconds.
  path: Assets/FORGE3D/Sci-Fi Effects/Sci-Fi Effects 2.2 URP 2019.4.25f1.unitypackage
  artifactKey: Guid(f12d96a4587e1694eb7b7f1b0908d629) Importer(815301076,1909f56bfc062723c751e8b465ee728b)
Start importing Assets/FORGE3D/Sci-Fi Effects/Sci-Fi Effects 2.2 URP 2019.4.25f1.unitypackage using Guid(f12d96a4587e1694eb7b7f1b0908d629) Importer(815301076,1909f56bfc062723c751e8b465ee728b)  -> (artifact id: 'd4e711d626d959a0af34f69bf27166cf') in 0.005294 seconds 
========================================================================
Received Import Request.
  Time since last request: 4.138543 seconds.
  path: Assets/FORGE3D/Sci-Fi Effects/Nebula.unity
  artifactKey: Guid(da7a26f1125b5874686de46fe68be3c3) Importer(815301076,1909f56bfc062723c751e8b465ee728b)
Start importing Assets/FORGE3D/Sci-Fi Effects/Nebula.unity using Guid(da7a26f1125b5874686de46fe68be3c3) Importer(815301076,1909f56bfc062723c751e8b465ee728b)  -> (artifact id: '63ef5a21253f79bca06b9d822889a72e') in 0.005764 seconds 
========================================================================
Received Import Request.
  Time since last request: 2.092659 seconds.
  path: Assets/FORGE3D/Sci-Fi Effects/Turrets.unity
  artifactKey: Guid(821e831d81e6d1349a769a274684b0d6) Importer(815301076,1909f56bfc062723c751e8b465ee728b)
Start importing Assets/FORGE3D/Sci-Fi Effects/Turrets.unity using Guid(821e831d81e6d1349a769a274684b0d6) Importer(815301076,1909f56bfc062723c751e8b465ee728b)  -> (artifact id: '6a0effe8d0fa6841c07eda649680c1d3') in 0.004951 seconds 
========================================================================
Received Import Request.
  Time since last request: 24.911712 seconds.
  path: Assets/FORGE3D/Sci-Fi Effects/Warp Jump.unity
  artifactKey: Guid(e2b73d1d18d5d634cae6cf638dd67ea9) Importer(815301076,1909f56bfc062723c751e8b465ee728b)
Start importing Assets/FORGE3D/Sci-Fi Effects/Warp Jump.unity using Guid(e2b73d1d18d5d634cae6cf638dd67ea9) Importer(815301076,1909f56bfc062723c751e8b465ee728b)  -> (artifact id: 'e5ceff3be254b1a6c495003a0b02ddd3') in 0.007215 seconds 
========================================================================
Received Import Request.
  Time since last request: 1.087868 seconds.
  path: Assets/FORGE3D/Sci-Fi Effects/Warp Tunnel.unity
  artifactKey: Guid(e51f4587ba14ccd4994766dc7446392d) Importer(815301076,1909f56bfc062723c751e8b465ee728b)
Start importing Assets/FORGE3D/Sci-Fi Effects/Warp Tunnel.unity using Guid(e51f4587ba14ccd4994766dc7446392d) Importer(815301076,1909f56bfc062723c751e8b465ee728b)  -> (artifact id: 'fd6f524a8f7c8caabebaa996ee0af829') in 0.004806 seconds 
========================================================================
Received Import Request.
  Time since last request: 9.616766 seconds.
  path: Assets/Scenes/MainScene_copy.unity
  artifactKey: Guid(57f5191d51f1eb5498ac6e8a27019ba2) Importer(815301076,1909f56bfc062723c751e8b465ee728b)
Start importing Assets/Scenes/MainScene_copy.unity using Guid(57f5191d51f1eb5498ac6e8a27019ba2) Importer(815301076,1909f56bfc062723c751e8b465ee728b)  -> (artifact id: '92bc8fb394e79f2b9922ed8e3eaeb69f') in 0.004842 seconds 
========================================================================
Received Prepare
Registering precompiled user dll's ...
Registered in 0.005240 seconds.
Begin MonoManager ReloadAssembly
Symbol file LoadedFromMemory doesn't match image D:\Unity_TeamProject\TeamProject_0902\Library\PackageCache\com.unity.visualscripting@1.6.1\Editor\VisualScripting.Core\Dependencies\DotNetZip\Unity.VisualScripting.IonicZip.dll
Symbol file LoadedFromMemory doesn't match image D:\Unity_TeamProject\TeamProject_0902\Library\PackageCache\com.unity.visualscripting@1.6.1\Editor\VisualScripting.Core\Dependencies\YamlDotNet\Unity.VisualScripting.YamlDotNet.dll
Native extension for WindowsStandalone target not found
Refreshing native plugins compatible for Editor in 1.36 ms, found 3 plugins.
Preloading 0 native plugins for Editor in 0.00 ms.
Mono: successfully reloaded assembly
- Completed reload, in  0.912 seconds
Domain Reload Profiling:
	ReloadAssembly (912ms)
		BeginReloadAssembly (113ms)
			ExecutionOrderSort (0ms)
			DisableScriptedObjects (5ms)
			BackupInstance (0ms)
			ReleaseScriptingObjects (0ms)
			CreateAndSetChildDomain (36ms)
		EndReloadAssembly (757ms)
			LoadAssemblies (74ms)
			RebuildTransferFunctionScriptingTraits (0ms)
			SetupTypeCache (240ms)
			ReleaseScriptCaches (1ms)
			RebuildScriptCaches (32ms)
			SetupLoadedEditorAssemblies (351ms)
				LogAssemblyErrors (0ms)
				InitializePlatformSupportModulesInManaged (3ms)
				SetLoadedEditorAssemblies (0ms)
				RefreshPlugins (1ms)
				BeforeProcessingInitializeOnLoad (45ms)
				ProcessInitializeOnLoadAttributes (260ms)
				ProcessInitializeOnLoadMethodAttributes (38ms)
				AfterProcessingInitializeOnLoad (4ms)
				EditorAssembliesLoaded (0ms)
			ExecutionOrderSort2 (0ms)
			AwakeInstancesAfterBackupRestoration (7ms)
Platform modules already initialized, skipping
Shader 'FORGE3D/Burnout': fallback shader 'Transparent' not found
Shader 'FORGE3D/Billboard Additive': fallback shader 'Particles/Additive' not found
Shader 'FORGE3D/Billboard Additive': fallback shader 'Particles/Additive' not found
Shader 'FORGE3D/Burnout': fallback shader 'Transparent' not found
Refreshing native plugins compatible for Editor in 1.47 ms, found 3 plugins.
Preloading 0 native plugins for Editor in 0.00 ms.
Unloading 4516 Unused Serialized files (Serialized files now loaded: 0)
System memory in use before: 362.3 MB.
System memory in use after: 361.1 MB.

Unloading 80 unused Assets to reduce memory usage. Loaded Objects now: 5138.
Total: 7.048700 ms (FindLiveObjects: 0.241600 ms CreateObjectMapping: 0.123300 ms MarkObjects: 4.433800 ms  DeleteObjects: 2.248900 ms)

AssetImportParameters requested are different than current active one (requested -> active):
  custom:framework-win-MediaFoundation: 216162199b28c13a410421893ffa2e32 -> 
  custom:video-decoder-ogg-theora: a1e56fd34408186e4bbccfd4996cb3dc -> 
  custom:container-muxer-webm: aa71ff27fc2769a1b78a27578f13a17b -> 
  custom:container-demuxer-webm: 4f35f7cbe854078d1ac9338744f61a02 -> 
  custom:container-demuxer-ogg: 62fdf1f143b41e24485cea50d1cbac27 -> 
  custom:video-encoder-webm-vp8: eb34c28f22e8b96e1ab97ce403110664 -> 
  custom:video-decoder-webm-vp8: 9c59270c3fd7afecdb556c50c9e8de78 -> 
  custom:audio-decoder-ogg-vorbis: bf7c407c2cedff20999df2af8eb42d56 -> 
  custom:audio-encoder-webm-vorbis: bf7c407c2cedff20999df2af8eb42d56 -> 
========================================================================
Received Import Request.
  Time since last request: 107.039560 seconds.
  path: Assets/FORGE3D/Resources
  artifactKey: Guid(3022f959abe9fde4ea98e3efb19ec4d3) Importer(815301076,1909f56bfc062723c751e8b465ee728b)
Start importing Assets/FORGE3D/Resources using Guid(3022f959abe9fde4ea98e3efb19ec4d3) Importer(815301076,1909f56bfc062723c751e8b465ee728b)  -> (artifact id: '0dfccf16ee049b1e98d5216e8d5b1178') in 0.009224 seconds 
========================================================================
Received Import Request.
  Time since last request: 0.887659 seconds.
  path: Assets/FORGE3D/Resources/F3DPoolManagerCache
  artifactKey: Guid(054ab73682d933a4da3e5ef33d046eef) Importer(815301076,1909f56bfc062723c751e8b465ee728b)
Start importing Assets/FORGE3D/Resources/F3DPoolManagerCache using Guid(054ab73682d933a4da3e5ef33d046eef) Importer(815301076,1909f56bfc062723c751e8b465ee728b)  -> (artifact id: '3cd88468ced809b3e8ae2fbcc3c006c5') in 0.004833 seconds 
========================================================================
Received Import Request.
  Time since last request: 7.687865 seconds.
  path: Assets/FORGE3D/Sci-Fi Effects/Turrets
  artifactKey: Guid(45a1d1bc534e9fe42ba23df92e7b915f) Importer(815301076,1909f56bfc062723c751e8b465ee728b)
Start importing Assets/FORGE3D/Sci-Fi Effects/Turrets using Guid(45a1d1bc534e9fe42ba23df92e7b915f) Importer(815301076,1909f56bfc062723c751e8b465ee728b)  -> (artifact id: '37c2b6d9077bf070c84cc73631de7522') in 0.004802 seconds 
========================================================================
Received Import Request.
  Time since last request: 2.755778 seconds.
  path: Assets/FORGE3D/Sci-Fi Effects/Turrets/Prefabs
  artifactKey: Guid(11ffcbaa76e99b4459fa9ac8b6604154) Importer(815301076,1909f56bfc062723c751e8b465ee728b)
Start importing Assets/FORGE3D/Sci-Fi Effects/Turrets/Prefabs using Guid(11ffcbaa76e99b4459fa9ac8b6604154) Importer(815301076,1909f56bfc062723c751e8b465ee728b)  -> (artifact id: '1d536af01bd9192418a75b0968919f34') in 0.024178 seconds 
========================================================================
Received Import Request.
  Time since last request: 29.821070 seconds.
  path: Assets/FORGE3D/Sci-Fi Effects/Turrets/Prefabs/ConstructorBase.prefab
  artifactKey: Guid(db45521470275cb46bf62faeffa57537) Importer(815301076,1909f56bfc062723c751e8b465ee728b)
Start importing Assets/FORGE3D/Sci-Fi Effects/Turrets/Prefabs/ConstructorBase.prefab using Guid(db45521470275cb46bf62faeffa57537) Importer(815301076,1909f56bfc062723c751e8b465ee728b)  -> (artifact id: '4f82de2d1c13039682e7dbd0b73e26e3') in 0.025223 seconds 
========================================================================
Received Import Request.
  Time since last request: 114.886796 seconds.
  path: Assets/FORGE3D/Sci-Fi Effects/Turrets/Prefabs/Bases
  artifactKey: Guid(9c0b93542ce24104fbd81f5d0b5f67c4) Importer(815301076,1909f56bfc062723c751e8b465ee728b)
Start importing Assets/FORGE3D/Sci-Fi Effects/Turrets/Prefabs/Bases using Guid(9c0b93542ce24104fbd81f5d0b5f67c4) Importer(815301076,1909f56bfc062723c751e8b465ee728b)  -> (artifact id: '964e725a8378d4d33021672e6e0f0be7') in 0.006066 seconds 
========================================================================
Received Import Request.
  Time since last request: 22.933598 seconds.
  path: Assets/FORGE3D/Sci-Fi Effects/Turrets/Prefabs/Barrels
  artifactKey: Guid(1b66c780751ed704492630faa558f907) Importer(815301076,1909f56bfc062723c751e8b465ee728b)
Start importing Assets/FORGE3D/Sci-Fi Effects/Turrets/Prefabs/Barrels using Guid(1b66c780751ed704492630faa558f907) Importer(815301076,1909f56bfc062723c751e8b465ee728b)  -> (artifact id: 'd331eea3a1366dd347b3505dfc7e8b60') in 0.005251 seconds 
========================================================================
Received Import Request.
  Time since last request: 1.033503 seconds.
  path: Assets/FORGE3D/Sci-Fi Effects/Turrets/Prefabs/Barrels/TURRET_BARREL_Electric_LOD0.prefab
  artifactKey: Guid(25bb9e0ef835ced4a92b68a75caf0903) Importer(815301076,1909f56bfc062723c751e8b465ee728b)
Start importing Assets/FORGE3D/Sci-Fi Effects/Turrets/Prefabs/Barrels/TURRET_BARREL_Electric_LOD0.prefab using Guid(25bb9e0ef835ced4a92b68a75caf0903) Importer(815301076,1909f56bfc062723c751e8b465ee728b)  -> (artifact id: '0410d0ddaab9b7396c7b63c1b992b369') in 0.120940 seconds 
========================================================================
Received Import Request.
  Time since last request: 0.605332 seconds.
  path: Assets/FORGE3D/Sci-Fi Effects/Turrets/Prefabs/Barrels/TURRET_BARREL_Electric_Mobile_LOD0.prefab
  artifactKey: Guid(7b6fe53fba61a604ab218fd2ccbd68b6) Importer(815301076,1909f56bfc062723c751e8b465ee728b)
Start importing Assets/FORGE3D/Sci-Fi Effects/Turrets/Prefabs/Barrels/TURRET_BARREL_Electric_Mobile_LOD0.prefab using Guid(7b6fe53fba61a604ab218fd2ccbd68b6) Importer(815301076,1909f56bfc062723c751e8b465ee728b)  -> (artifact id: 'b9155bbdc29387806c0fc2177f4f7652') in 0.022698 seconds 
========================================================================
Received Import Request.
  Time since last request: 0.053573 seconds.
  path: Assets/FORGE3D/Sci-Fi Effects/Turrets/Prefabs/Barrels/TURRET_BARREL_Flamer_Mobile_LOD0.prefab
  artifactKey: Guid(6c4e470f7ee7dfb43acd1b19d710a659) Importer(815301076,1909f56bfc062723c751e8b465ee728b)
Start importing Assets/FORGE3D/Sci-Fi Effects/Turrets/Prefabs/Barrels/TURRET_BARREL_Flamer_Mobile_LOD0.prefab using Guid(6c4e470f7ee7dfb43acd1b19d710a659) Importer(815301076,1909f56bfc062723c751e8b465ee728b)  -> (artifact id: 'd4f14847d8ee2102b34abc9a450868f9') in 0.014323 seconds 
========================================================================
Received Import Request.
  Time since last request: 0.308713 seconds.
  path: Assets/FORGE3D/Sci-Fi Effects/Turrets/Prefabs/Barrels/TURRET_BARREL_Gauss_Mobile_LOD0.prefab
  artifactKey: Guid(59524c94fcdbaed4f8be54a8421aa610) Importer(815301076,1909f56bfc062723c751e8b465ee728b)
Start importing Assets/FORGE3D/Sci-Fi Effects/Turrets/Prefabs/Barrels/TURRET_BARREL_Gauss_Mobile_LOD0.prefab using Guid(59524c94fcdbaed4f8be54a8421aa610) Importer(815301076,1909f56bfc062723c751e8b465ee728b)  -> (artifact id: '8e2423b10ab409f20c00a854a6ff253a') in 0.016083 seconds 
========================================================================
Received Import Request.
  Time since last request: 0.337538 seconds.
  path: Assets/FORGE3D/Sci-Fi Effects/Turrets/Prefabs/Barrels/TURRET_BARREL_Laser_Mobile_LOD0.prefab
  artifactKey: Guid(bde76cd4c18ec2c41bf98129e53200e6) Importer(815301076,1909f56bfc062723c751e8b465ee728b)
Start importing Assets/FORGE3D/Sci-Fi Effects/Turrets/Prefabs/Barrels/TURRET_BARREL_Laser_Mobile_LOD0.prefab using Guid(bde76cd4c18ec2c41bf98129e53200e6) Importer(815301076,1909f56bfc062723c751e8b465ee728b)  -> (artifact id: 'ee52ee175e49e14e2082720063d773bc') in 0.014031 seconds 
========================================================================
Received Import Request.
  Time since last request: 0.788686 seconds.
  path: Assets/FORGE3D/Sci-Fi Effects/Turrets/Prefabs/Barrels/TURRET_BARREL_Repeater_Mobile_LOD0.prefab
  artifactKey: Guid(9a540b718a3a1774d9595cc9baee705a) Importer(815301076,1909f56bfc062723c751e8b465ee728b)
Start importing Assets/FORGE3D/Sci-Fi Effects/Turrets/Prefabs/Barrels/TURRET_BARREL_Repeater_Mobile_LOD0.prefab using Guid(9a540b718a3a1774d9595cc9baee705a) Importer(815301076,1909f56bfc062723c751e8b465ee728b)  -> (artifact id: '954189dd6cd193502c88fdaa6b9754e1') in 0.013532 seconds 
========================================================================
Received Import Request.
  Time since last request: 0.498520 seconds.
  path: Assets/FORGE3D/Sci-Fi Effects/Turrets/Prefabs/Barrels/TURRET_BARREL_Repeater_LOD0.prefab
  artifactKey: Guid(30478fc63b36c9d44bab4e81e7fe3305) Importer(815301076,1909f56bfc062723c751e8b465ee728b)
Start importing Assets/FORGE3D/Sci-Fi Effects/Turrets/Prefabs/Barrels/TURRET_BARREL_Repeater_LOD0.prefab using Guid(30478fc63b36c9d44bab4e81e7fe3305) Importer(815301076,1909f56bfc062723c751e8b465ee728b)  -> (artifact id: '4032bc0355af5db2affc388165d068b5') in 0.043442 seconds 
========================================================================
Received Import Request.
  Time since last request: 0.368651 seconds.
  path: Assets/FORGE3D/Sci-Fi Effects/Turrets/Prefabs/Barrels/TURRET_BARREL_Mortar_Mobile_LOD0.prefab
  artifactKey: Guid(6a036fda42cb0ba4780faa6e41eca0fc) Importer(815301076,1909f56bfc062723c751e8b465ee728b)
Start importing Assets/FORGE3D/Sci-Fi Effects/Turrets/Prefabs/Barrels/TURRET_BARREL_Mortar_Mobile_LOD0.prefab using Guid(6a036fda42cb0ba4780faa6e41eca0fc) Importer(815301076,1909f56bfc062723c751e8b465ee728b)  -> (artifact id: '6518b6a426c9b246adc7c216b65e91cd') in 0.014072 seconds 
========================================================================
Received Import Request.
  Time since last request: 0.146002 seconds.
  path: Assets/FORGE3D/Sci-Fi Effects/Turrets/Prefabs/Barrels/TURRET_BARREL_Mortar_LOD0.prefab
  artifactKey: Guid(1166e846d34999c4ca6ff70243df68b8) Importer(815301076,1909f56bfc062723c751e8b465ee728b)
Start importing Assets/FORGE3D/Sci-Fi Effects/Turrets/Prefabs/Barrels/TURRET_BARREL_Mortar_LOD0.prefab using Guid(1166e846d34999c4ca6ff70243df68b8) Importer(815301076,1909f56bfc062723c751e8b465ee728b)  -> (artifact id: 'c08b04cb3f91acb548c15d2fe99c1abd') in 0.041606 seconds 
========================================================================
Received Import Request.
  Time since last request: 0.150420 seconds.
  path: Assets/FORGE3D/Sci-Fi Effects/Turrets/Prefabs/Barrels/TURRET_BARREL_MLRS_Mobile_LOD0.prefab
  artifactKey: Guid(550212b7a40caa74699ff2085cefdcf4) Importer(815301076,1909f56bfc062723c751e8b465ee728b)
Start importing Assets/FORGE3D/Sci-Fi Effects/Turrets/Prefabs/Barrels/TURRET_BARREL_MLRS_Mobile_LOD0.prefab using Guid(550212b7a40caa74699ff2085cefdcf4) Importer(815301076,1909f56bfc062723c751e8b465ee728b)  -> (artifact id: '96290aa990d128c4a9bcf265cdc0cfb0') in 0.014568 seconds 
========================================================================
Received Import Request.
  Time since last request: 0.269208 seconds.
  path: Assets/FORGE3D/Sci-Fi Effects/Turrets/Prefabs/Barrels/TURRET_BARREL_MLRS_LOD0.prefab
  artifactKey: Guid(6685e27f4f6355e4c98ce6a9bf445117) Importer(815301076,1909f56bfc062723c751e8b465ee728b)
Start importing Assets/FORGE3D/Sci-Fi Effects/Turrets/Prefabs/Barrels/TURRET_BARREL_MLRS_LOD0.prefab using Guid(6685e27f4f6355e4c98ce6a9bf445117) Importer(815301076,1909f56bfc062723c751e8b465ee728b)  -> (artifact id: '939220a8a46a1120e6b19284c8275572') in 0.041861 seconds 
========================================================================
Received Import Request.
  Time since last request: 0.754046 seconds.
  path: Assets/FORGE3D/Sci-Fi Effects/Turrets/Prefabs/Barrels/TURRET_BARREL_Laser_LOD0.prefab
  artifactKey: Guid(e1c916487e237d24db284a05ced42030) Importer(815301076,1909f56bfc062723c751e8b465ee728b)
Start importing Assets/FORGE3D/Sci-Fi Effects/Turrets/Prefabs/Barrels/TURRET_BARREL_Laser_LOD0.prefab using Guid(e1c916487e237d24db284a05ced42030) Importer(815301076,1909f56bfc062723c751e8b465ee728b)  -> (artifact id: '63db1441a07a9fe0e5f387c77de351c2') in 0.037579 seconds 
========================================================================
Received Import Request.
  Time since last request: 6.471087 seconds.
  path: Assets/FORGE3D/Sci-Fi Effects/Turrets/Prefabs/Barrels/TURRET_BARREL_HeavyMissle_Mobile_LOD0.prefab
  artifactKey: Guid(39baa6f718b585b42b96c87deef74e58) Importer(815301076,1909f56bfc062723c751e8b465ee728b)
Start importing Assets/FORGE3D/Sci-Fi Effects/Turrets/Prefabs/Barrels/TURRET_BARREL_HeavyMissle_Mobile_LOD0.prefab using Guid(39baa6f718b585b42b96c87deef74e58) Importer(815301076,1909f56bfc062723c751e8b465ee728b)  -> (artifact id: 'b3847e6faaa8ff489e6b7b281afb8f43') in 0.014308 seconds 
========================================================================
Received Import Request.
  Time since last request: 0.174733 seconds.
  path: Assets/FORGE3D/Sci-Fi Effects/Turrets/Prefabs/Barrels/TURRET_BARREL_HeavyMissle_LOD0.prefab
  artifactKey: Guid(94bf3c5b028a1d5458d9e508232efc2e) Importer(815301076,1909f56bfc062723c751e8b465ee728b)
Start importing Assets/FORGE3D/Sci-Fi Effects/Turrets/Prefabs/Barrels/TURRET_BARREL_HeavyMissle_LOD0.prefab using Guid(94bf3c5b028a1d5458d9e508232efc2e) Importer(815301076,1909f56bfc062723c751e8b465ee728b)  -> (artifact id: '89570b01496d9be68399fe0b7beaf8e2') in 0.038636 seconds 
========================================================================
Received Import Request.
  Time since last request: 0.412712 seconds.
  path: Assets/FORGE3D/Sci-Fi Effects/Turrets/Prefabs/Barrels/TURRET_BARREL_Gauss_LOD0.prefab
  artifactKey: Guid(8be694bdc273b244a9173484d93e2bce) Importer(815301076,1909f56bfc062723c751e8b465ee728b)
Start importing Assets/FORGE3D/Sci-Fi Effects/Turrets/Prefabs/Barrels/TURRET_BARREL_Gauss_LOD0.prefab using Guid(8be694bdc273b244a9173484d93e2bce) Importer(815301076,1909f56bfc062723c751e8b465ee728b)  -> (artifact id: '33bf67b3d733bea349a0960dedf9dcb0') in 0.039902 seconds 
========================================================================
Received Import Request.
  Time since last request: 0.200328 seconds.
  path: Assets/FORGE3D/Sci-Fi Effects/Turrets/Prefabs/Barrels/TURRET_BARREL_Gatling_Mobile_LOD0.prefab
  artifactKey: Guid(0a27d5cda48f1a84bb5ef2bfab5fabf6) Importer(815301076,1909f56bfc062723c751e8b465ee728b)
Start importing Assets/FORGE3D/Sci-Fi Effects/Turrets/Prefabs/Barrels/TURRET_BARREL_Gatling_Mobile_LOD0.prefab using Guid(0a27d5cda48f1a84bb5ef2bfab5fabf6) Importer(815301076,1909f56bfc062723c751e8b465ee728b)  -> (artifact id: '2aff2c40ed926b0c0e14d76ea14dfd79') in 0.014495 seconds 
========================================================================
Received Import Request.
  Time since last request: 0.164439 seconds.
  path: Assets/FORGE3D/Sci-Fi Effects/Turrets/Prefabs/Barrels/TURRET_BARREL_Gatling_LOD0.prefab
  artifactKey: Guid(df2ec686ba2d29a4aa6816b3729f9ec2) Importer(815301076,1909f56bfc062723c751e8b465ee728b)
Start importing Assets/FORGE3D/Sci-Fi Effects/Turrets/Prefabs/Barrels/TURRET_BARREL_Gatling_LOD0.prefab using Guid(df2ec686ba2d29a4aa6816b3729f9ec2) Importer(815301076,1909f56bfc062723c751e8b465ee728b)  -> (artifact id: 'cf0aec3781e8010118d6ae7e96e32c2e') in 0.040245 seconds 
========================================================================
Received Import Request.
  Time since last request: 0.356196 seconds.
  path: Assets/FORGE3D/Sci-Fi Effects/Turrets/Prefabs/Barrels/TURRET_BARREL_Flamer_LOD0.prefab
  artifactKey: Guid(f1dfa61b609810d41803a72dba2dce66) Importer(815301076,1909f56bfc062723c751e8b465ee728b)
Start importing Assets/FORGE3D/Sci-Fi Effects/Turrets/Prefabs/Barrels/TURRET_BARREL_Flamer_LOD0.prefab using Guid(f1dfa61b609810d41803a72dba2dce66) Importer(815301076,1909f56bfc062723c751e8b465ee728b)  -> (artifact id: 'bc3b13d2048ca6a0d795043c43c5711e') in 0.038133 seconds 
========================================================================
Received Import Request.
  Time since last request: 0.190523 seconds.
  path: Assets/FORGE3D/Sci-Fi Effects/Turrets/Prefabs/Barrels/TURRET_BARREL_Flack_Mobile_LOD0.prefab
  artifactKey: Guid(5ddf5a68ead8deb45970f591aa64b656) Importer(815301076,1909f56bfc062723c751e8b465ee728b)
Start importing Assets/FORGE3D/Sci-Fi Effects/Turrets/Prefabs/Barrels/TURRET_BARREL_Flack_Mobile_LOD0.prefab using Guid(5ddf5a68ead8deb45970f591aa64b656) Importer(815301076,1909f56bfc062723c751e8b465ee728b)  -> (artifact id: '30aa5a832bab07a2097a342a3fd039a6') in 0.016345 seconds 
========================================================================
Received Import Request.
  Time since last request: 0.172773 seconds.
  path: Assets/FORGE3D/Sci-Fi Effects/Turrets/Prefabs/Barrels/TURRET_BARREL_Flack_LOD0.prefab
  artifactKey: Guid(95c80cd05b563524a94bec073b641618) Importer(815301076,1909f56bfc062723c751e8b465ee728b)
Start importing Assets/FORGE3D/Sci-Fi Effects/Turrets/Prefabs/Barrels/TURRET_BARREL_Flack_LOD0.prefab using Guid(95c80cd05b563524a94bec073b641618) Importer(815301076,1909f56bfc062723c751e8b465ee728b)  -> (artifact id: 'cf7d7fb0029697bd4fa2284b45b2dfb2') in 0.037425 seconds 
========================================================================
Received Import Request.
  Time since last request: 10.132770 seconds.
  path: Assets/FORGE3D/Sci-Fi Effects/Turrets/Prefabs/Breeches
  artifactKey: Guid(ac47fd6d242db684ba931062ffbb6c69) Importer(815301076,1909f56bfc062723c751e8b465ee728b)
Start importing Assets/FORGE3D/Sci-Fi Effects/Turrets/Prefabs/Breeches using Guid(ac47fd6d242db684ba931062ffbb6c69) Importer(815301076,1909f56bfc062723c751e8b465ee728b)  -> (artifact id: '7c14797e325c35756929edc9188a1790') in 0.005008 seconds 
========================================================================
Received Import Request.
  Time since last request: 0.665094 seconds.
  path: Assets/FORGE3D/Sci-Fi Effects/Turrets/Prefabs/Breeches/TURRET_BREECH_Ballistic_Mobile_LOD0.prefab
  artifactKey: Guid(3113218e5577d174e844950a738de33b) Importer(815301076,1909f56bfc062723c751e8b465ee728b)
Start importing Assets/FORGE3D/Sci-Fi Effects/Turrets/Prefabs/Breeches/TURRET_BREECH_Ballistic_Mobile_LOD0.prefab using Guid(3113218e5577d174e844950a738de33b) Importer(815301076,1909f56bfc062723c751e8b465ee728b)  -> (artifact id: 'bd8bf1565de285497324dcc53caa9f35') in 0.015935 seconds 
========================================================================
Received Import Request.
  Time since last request: 0.482971 seconds.
  path: Assets/FORGE3D/Sci-Fi Effects/Turrets/Prefabs/Breeches/TURRET_BREECH_Ballistic_LOD0.prefab
  artifactKey: Guid(a95cbf79f119a8241a692be1c58b869d) Importer(815301076,1909f56bfc062723c751e8b465ee728b)
Start importing Assets/FORGE3D/Sci-Fi Effects/Turrets/Prefabs/Breeches/TURRET_BREECH_Ballistic_LOD0.prefab using Guid(a95cbf79f119a8241a692be1c58b869d) Importer(815301076,1909f56bfc062723c751e8b465ee728b)  -> (artifact id: '92aaa2850c962aeff6f687af36e1d861') in 0.038075 seconds 
========================================================================
Received Import Request.
  Time since last request: 0.447257 seconds.
  path: Assets/FORGE3D/Sci-Fi Effects/Turrets/Prefabs/Breeches/TURRET_BREECH_Common_LOD0.prefab
  artifactKey: Guid(8e2d7719dc162ef439f4de745bba4ebf) Importer(815301076,1909f56bfc062723c751e8b465ee728b)
Start importing Assets/FORGE3D/Sci-Fi Effects/Turrets/Prefabs/Breeches/TURRET_BREECH_Common_LOD0.prefab using Guid(8e2d7719dc162ef439f4de745bba4ebf) Importer(815301076,1909f56bfc062723c751e8b465ee728b)  -> (artifact id: '051d5d3575e373755a64866432c2f7d5') in 0.038784 seconds 
========================================================================
Received Import Request.
  Time since last request: 0.093309 seconds.
  path: Assets/FORGE3D/Sci-Fi Effects/Turrets/Prefabs/Breeches/TURRET_BREECH_Common_Mobile_LOD0.prefab
  artifactKey: Guid(f558618243298804f861cea061285e3e) Importer(815301076,1909f56bfc062723c751e8b465ee728b)
Start importing Assets/FORGE3D/Sci-Fi Effects/Turrets/Prefabs/Breeches/TURRET_BREECH_Common_Mobile_LOD0.prefab using Guid(f558618243298804f861cea061285e3e) Importer(815301076,1909f56bfc062723c751e8b465ee728b)  -> (artifact id: 'c735370919262564631d568919f29594') in 0.016997 seconds 
========================================================================
Received Import Request.
  Time since last request: 0.204761 seconds.
  path: Assets/FORGE3D/Sci-Fi Effects/Turrets/Prefabs/Breeches/TURRET_BREECH_Energy_LOD0.prefab
  artifactKey: Guid(d586665bdccde9145918c2da60ea1def) Importer(815301076,1909f56bfc062723c751e8b465ee728b)
Start importing Assets/FORGE3D/Sci-Fi Effects/Turrets/Prefabs/Breeches/TURRET_BREECH_Energy_LOD0.prefab using Guid(d586665bdccde9145918c2da60ea1def) Importer(815301076,1909f56bfc062723c751e8b465ee728b)  -> (artifact id: '0eccc8f8095533fe8eca4f1a723c4918') in 0.039283 seconds 
========================================================================
Received Import Request.
  Time since last request: 0.161275 seconds.
  path: Assets/FORGE3D/Sci-Fi Effects/Turrets/Prefabs/Breeches/TURRET_BREECH_Energy_Mobile_LOD0.prefab
  artifactKey: Guid(47ccff4658bbc364f9a9e740ec2b9fca) Importer(815301076,1909f56bfc062723c751e8b465ee728b)
Start importing Assets/FORGE3D/Sci-Fi Effects/Turrets/Prefabs/Breeches/TURRET_BREECH_Energy_Mobile_LOD0.prefab using Guid(47ccff4658bbc364f9a9e740ec2b9fca) Importer(815301076,1909f56bfc062723c751e8b465ee728b)  -> (artifact id: '0659c459de718ee43ef30892ac6d9b94') in 0.014183 seconds 
========================================================================
Received Import Request.
  Time since last request: 0.168275 seconds.
  path: Assets/FORGE3D/Sci-Fi Effects/Turrets/Prefabs/Breeches/TURRET_BREECH_Heavy_LOD0.prefab
  artifactKey: Guid(9d4830a7c32811c4aa706cc0a8741fa6) Importer(815301076,1909f56bfc062723c751e8b465ee728b)
Start importing Assets/FORGE3D/Sci-Fi Effects/Turrets/Prefabs/Breeches/TURRET_BREECH_Heavy_LOD0.prefab using Guid(9d4830a7c32811c4aa706cc0a8741fa6) Importer(815301076,1909f56bfc062723c751e8b465ee728b)  -> (artifact id: 'b8ab31f52be45fcb283691e5cb2ee6b5') in 0.037659 seconds 
========================================================================
Received Import Request.
  Time since last request: 0.150690 seconds.
  path: Assets/FORGE3D/Sci-Fi Effects/Turrets/Prefabs/Breeches/TURRET_BREECH_Heavy_Mobile_LOD0.prefab
  artifactKey: Guid(14604995a8fde1640b1aa0364cfdc118) Importer(815301076,1909f56bfc062723c751e8b465ee728b)
Start importing Assets/FORGE3D/Sci-Fi Effects/Turrets/Prefabs/Breeches/TURRET_BREECH_Heavy_Mobile_LOD0.prefab using Guid(14604995a8fde1640b1aa0364cfdc118) Importer(815301076,1909f56bfc062723c751e8b465ee728b)  -> (artifact id: '8cb33d7fb05bda508e32c872dc9433c4') in 0.014058 seconds 
========================================================================
Received Import Request.
  Time since last request: 5.052697 seconds.
  path: Assets/FORGE3D/Sci-Fi Effects/Turrets/Prefabs/Heads
  artifactKey: Guid(e3b22fe25ded8fa429024c813a0c1a67) Importer(815301076,1909f56bfc062723c751e8b465ee728b)
Start importing Assets/FORGE3D/Sci-Fi Effects/Turrets/Prefabs/Heads using Guid(e3b22fe25ded8fa429024c813a0c1a67) Importer(815301076,1909f56bfc062723c751e8b465ee728b)  -> (artifact id: 'e0683285080a0b773a866deb1ce55425') in 0.025262 seconds 
========================================================================
Received Import Request.
  Time since last request: 0.698945 seconds.
  path: Assets/FORGE3D/Sci-Fi Effects/Turrets/Prefabs/Heads/TURRET_HEAD_Single_LOD0.prefab
  artifactKey: Guid(824185aba0108d642ae08a902dfde0de) Importer(815301076,1909f56bfc062723c751e8b465ee728b)
Start importing Assets/FORGE3D/Sci-Fi Effects/Turrets/Prefabs/Heads/TURRET_HEAD_Single_LOD0.prefab using Guid(824185aba0108d642ae08a902dfde0de) Importer(815301076,1909f56bfc062723c751e8b465ee728b)  -> (artifact id: '2bb951650ba9116e6e997f141148534d') in 0.040788 seconds 
========================================================================
Received Import Request.
  Time since last request: 0.547504 seconds.
  path: Assets/FORGE3D/Sci-Fi Effects/Turrets/Prefabs/Heads/TURRET_HEAD_Single_Mobile_LOD0.prefab
  artifactKey: Guid(d8b2ed9abec26f343bcf862803db6ff1) Importer(815301076,1909f56bfc062723c751e8b465ee728b)
Start importing Assets/FORGE3D/Sci-Fi Effects/Turrets/Prefabs/Heads/TURRET_HEAD_Single_Mobile_LOD0.prefab using Guid(d8b2ed9abec26f343bcf862803db6ff1) Importer(815301076,1909f56bfc062723c751e8b465ee728b)  -> (artifact id: '2b72edb0fb818b9460e66dddab0eff84') in 0.013590 seconds 
========================================================================
Received Import Request.
  Time since last request: 0.621849 seconds.
  path: Assets/FORGE3D/Sci-Fi Effects/Turrets/Prefabs/Heads/TURRET_HEAD_Double_Mobile_LOD0.prefab
  artifactKey: Guid(aa24aacdf1dbc77418d607767705761a) Importer(815301076,1909f56bfc062723c751e8b465ee728b)
Start importing Assets/FORGE3D/Sci-Fi Effects/Turrets/Prefabs/Heads/TURRET_HEAD_Double_Mobile_LOD0.prefab using Guid(aa24aacdf1dbc77418d607767705761a) Importer(815301076,1909f56bfc062723c751e8b465ee728b)  -> (artifact id: 'a7a1ea9e13efe1df217277c71f30fe4a') in 0.015247 seconds 
========================================================================
Received Import Request.
  Time since last request: 0.348244 seconds.
  path: Assets/FORGE3D/Sci-Fi Effects/Turrets/Prefabs/Heads/TURRET_HEAD_Double_LOD0.prefab
  artifactKey: Guid(223fc3c48dce4a14d90673ba3bc97d09) Importer(815301076,1909f56bfc062723c751e8b465ee728b)
Start importing Assets/FORGE3D/Sci-Fi Effects/Turrets/Prefabs/Heads/TURRET_HEAD_Double_LOD0.prefab using Guid(223fc3c48dce4a14d90673ba3bc97d09) Importer(815301076,1909f56bfc062723c751e8b465ee728b)  -> (artifact id: '385dde565c5f1393f23a096dd6602ff3') in 0.042135 seconds 
========================================================================
Received Import Request.
  Time since last request: 118.548221 seconds.
  path: Assets/FORGE3D/Sci-Fi Effects/Turrets/Prefabs/Mounts
  artifactKey: Guid(6eb7d281aaa751447a045a8901fe7120) Importer(815301076,1909f56bfc062723c751e8b465ee728b)
Start importing Assets/FORGE3D/Sci-Fi Effects/Turrets/Prefabs/Mounts using Guid(6eb7d281aaa751447a045a8901fe7120) Importer(815301076,1909f56bfc062723c751e8b465ee728b)  -> (artifact id: '3d617a5ad6f52a1ccc1dd0b670bf0da5') in 0.005593 seconds 
========================================================================
Received Import Request.
  Time since last request: 1.192870 seconds.
  path: Assets/FORGE3D/Sci-Fi Effects/Turrets/Prefabs/Mounts/TURRET_MOUNT_Single_Mobile_LOD0.prefab
  artifactKey: Guid(f452e84fa9c64c5418d26da691023c41) Importer(815301076,1909f56bfc062723c751e8b465ee728b)
Start importing Assets/FORGE3D/Sci-Fi Effects/Turrets/Prefabs/Mounts/TURRET_MOUNT_Single_Mobile_LOD0.prefab using Guid(f452e84fa9c64c5418d26da691023c41) Importer(815301076,1909f56bfc062723c751e8b465ee728b)  -> (artifact id: '9c2c6aa647c49979e83405808caa6c86') in 0.016400 seconds 
========================================================================
Received Import Request.
  Time since last request: 0.703240 seconds.
  path: Assets/FORGE3D/Sci-Fi Effects/Turrets/Prefabs/Mounts/TURRET_MOUNT_Single_LOD0.prefab
  artifactKey: Guid(3a0e04b6a94b06f45bd6ec9ef754849a) Importer(815301076,1909f56bfc062723c751e8b465ee728b)
Start importing Assets/FORGE3D/Sci-Fi Effects/Turrets/Prefabs/Mounts/TURRET_MOUNT_Single_LOD0.prefab using Guid(3a0e04b6a94b06f45bd6ec9ef754849a) Importer(815301076,1909f56bfc062723c751e8b465ee728b)  -> (artifact id: '98066fcedcb25597272dc39e67efa25c') in 0.039173 seconds 
========================================================================
Received Import Request.
  Time since last request: 0.554388 seconds.
  path: Assets/FORGE3D/Sci-Fi Effects/Turrets/Prefabs/Mounts/TURRET_MOUNT_Double_Mobile_LOD0.prefab
  artifactKey: Guid(4a35dc2a8e8ad4a4985ccaa7a6279bf0) Importer(815301076,1909f56bfc062723c751e8b465ee728b)
Start importing Assets/FORGE3D/Sci-Fi Effects/Turrets/Prefabs/Mounts/TURRET_MOUNT_Double_Mobile_LOD0.prefab using Guid(4a35dc2a8e8ad4a4985ccaa7a6279bf0) Importer(815301076,1909f56bfc062723c751e8b465ee728b)  -> (artifact id: '8026a6249b1a1efc02e4019b5288e131') in 0.013991 seconds 
========================================================================
Received Import Request.
  Time since last request: 0.355409 seconds.
  path: Assets/FORGE3D/Sci-Fi Effects/Turrets/Prefabs/Mounts/TURRET_MOUNT_Double_LOD0.prefab
  artifactKey: Guid(f879231cf12820f49b29468d5bbf34f6) Importer(815301076,1909f56bfc062723c751e8b465ee728b)
Start importing Assets/FORGE3D/Sci-Fi Effects/Turrets/Prefabs/Mounts/TURRET_MOUNT_Double_LOD0.prefab using Guid(f879231cf12820f49b29468d5bbf34f6) Importer(815301076,1909f56bfc062723c751e8b465ee728b)  -> (artifact id: '794a82c360dcbd7ffc762fa89bbc26b1') in 0.037520 seconds 
========================================================================
Received Import Request.
  Time since last request: 3.355458 seconds.
  path: Assets/FORGE3D/Sci-Fi Effects/Turrets/Prefabs/Swivels/TURRET_SWIVEL_Mobile_LOD0.prefab
  artifactKey: Guid(d6d66eff8b757294aac1f6d3bc1b0783) Importer(815301076,1909f56bfc062723c751e8b465ee728b)
Start importing Assets/FORGE3D/Sci-Fi Effects/Turrets/Prefabs/Swivels/TURRET_SWIVEL_Mobile_LOD0.prefab using Guid(d6d66eff8b757294aac1f6d3bc1b0783) Importer(815301076,1909f56bfc062723c751e8b465ee728b)  -> (artifact id: '615176d8013bf2eb1236d18443406353') in 0.015801 seconds 
========================================================================
Received Import Request.
  Time since last request: 0.561022 seconds.
  path: Assets/FORGE3D/Sci-Fi Effects/Turrets/Prefabs/Swivels/TURRET_SWIVEL_LOD0.prefab
  artifactKey: Guid(4861b3399808db34b9b1ff0af96ec515) Importer(815301076,1909f56bfc062723c751e8b465ee728b)
Start importing Assets/FORGE3D/Sci-Fi Effects/Turrets/Prefabs/Swivels/TURRET_SWIVEL_LOD0.prefab using Guid(4861b3399808db34b9b1ff0af96ec515) Importer(815301076,1909f56bfc062723c751e8b465ee728b)  -> (artifact id: '49c5917416d3b7eb3e1916fea422b422') in 0.041594 seconds 
========================================================================
Received Import Request.
  Time since last request: 308.340165 seconds.
  path: Assets/Resources/Turret.prefab
  artifactKey: Guid(b97bdd1a97f9ac64b96ff05f00fff594) Importer(815301076,1909f56bfc062723c751e8b465ee728b)
Start importing Assets/Resources/Turret.prefab using Guid(b97bdd1a97f9ac64b96ff05f00fff594) Importer(815301076,1909f56bfc062723c751e8b465ee728b)  -> (artifact id: '21e30ed509ba8146d2e72f8b5253d137') in 0.045461 seconds 
========================================================================
Received Prepare
Registering precompiled user dll's ...
Registered in 0.746690 seconds.
Begin MonoManager ReloadAssembly
Symbol file LoadedFromMemory doesn't match image D:\Unity_TeamProject\TeamProject_0902\Library\PackageCache\com.unity.visualscripting@1.6.1\Editor\VisualScripting.Core\Dependencies\DotNetZip\Unity.VisualScripting.IonicZip.dll
Symbol file LoadedFromMemory doesn't match image D:\Unity_TeamProject\TeamProject_0902\Library\PackageCache\com.unity.visualscripting@1.6.1\Editor\VisualScripting.Core\Dependencies\YamlDotNet\Unity.VisualScripting.YamlDotNet.dll
Native extension for WindowsStandalone target not found
Refreshing native plugins compatible for Editor in 1.39 ms, found 3 plugins.
Preloading 0 native plugins for Editor in 0.00 ms.
Mono: successfully reloaded assembly
- Completed reload, in  3.437 seconds
Domain Reload Profiling:
	ReloadAssembly (3437ms)
		BeginReloadAssembly (123ms)
			ExecutionOrderSort (0ms)
			DisableScriptedObjects (4ms)
			BackupInstance (0ms)
			ReleaseScriptingObjects (0ms)
			CreateAndSetChildDomain (35ms)
		EndReloadAssembly (3276ms)
			LoadAssemblies (2594ms)
			RebuildTransferFunctionScriptingTraits (0ms)
			SetupTypeCache (244ms)
			ReleaseScriptCaches (1ms)
			RebuildScriptCaches (31ms)
			SetupLoadedEditorAssemblies (350ms)
				LogAssemblyErrors (0ms)
				InitializePlatformSupportModulesInManaged (4ms)
				SetLoadedEditorAssemblies (0ms)
				RefreshPlugins (1ms)
				BeforeProcessingInitializeOnLoad (45ms)
				ProcessInitializeOnLoadAttributes (256ms)
				ProcessInitializeOnLoadMethodAttributes (39ms)
				AfterProcessingInitializeOnLoad (4ms)
				EditorAssembliesLoaded (0ms)
			ExecutionOrderSort2 (0ms)
			AwakeInstancesAfterBackupRestoration (7ms)
Platform modules already initialized, skipping
Shader 'FORGE3D/Burnout': fallback shader 'Transparent' not found
Shader 'FORGE3D/Billboard Additive': fallback shader 'Particles/Additive' not found
Shader 'FORGE3D/Burnout': fallback shader 'Transparent' not found
Shader 'FORGE3D/Billboard Additive': fallback shader 'Particles/Additive' not found
Refreshing native plugins compatible for Editor in 1.54 ms, found 3 plugins.
Preloading 0 native plugins for Editor in 0.00 ms.
Unloading 4516 Unused Serialized files (Serialized files now loaded: 0)
System memory in use before: 362.5 MB.
System memory in use after: 361.2 MB.

Unloading 80 unused Assets to reduce memory usage. Loaded Objects now: 5142.
Total: 6.621400 ms (FindLiveObjects: 0.287100 ms CreateObjectMapping: 0.166500 ms MarkObjects: 5.636900 ms  DeleteObjects: 0.529800 ms)

AssetImportParameters requested are different than current active one (requested -> active):
  custom:framework-win-MediaFoundation: 216162199b28c13a410421893ffa2e32 -> 
  custom:video-decoder-ogg-theora: a1e56fd34408186e4bbccfd4996cb3dc -> 
  custom:container-muxer-webm: aa71ff27fc2769a1b78a27578f13a17b -> 
  custom:container-demuxer-webm: 4f35f7cbe854078d1ac9338744f61a02 -> 
  custom:container-demuxer-ogg: 62fdf1f143b41e24485cea50d1cbac27 -> 
  custom:video-encoder-webm-vp8: eb34c28f22e8b96e1ab97ce403110664 -> 
  custom:video-decoder-webm-vp8: 9c59270c3fd7afecdb556c50c9e8de78 -> 
  custom:audio-decoder-ogg-vorbis: bf7c407c2cedff20999df2af8eb42d56 -> 
  custom:audio-encoder-webm-vorbis: bf7c407c2cedff20999df2af8eb42d56 -> 
AssetImportWorkerClient::OnTransportError - code=2 error=End of file
